Analysis & Synthesis report for nand_write
Tue May 29 01:31:51 2012
Quartus II Version 10.0 Build 218 06/27/2010 SJ Full Version


---------------------
; Table of Contents ;
---------------------
  1. Legal Notice
  2. Analysis & Synthesis Summary
  3. Analysis & Synthesis Settings
  4. Parallel Compilation
  5. Analysis & Synthesis Source Files Read
  6. Analysis & Synthesis Resource Usage Summary
  7. Analysis & Synthesis Resource Utilization by Entity
  8. Analysis & Synthesis IP Cores Summary
  9. State Machine - |nand_write|state_reg
 10. State Machine - |nand_write|toggle:toggle|state_reg
 11. User-Specified and Inferred Latches
 12. Registers Removed During Synthesis
 13. General Register Statistics
 14. Multiplexer Restructuring Statistics (Restructuring Performed)
 15. Parameter Settings for User Entity Instance: pll:pll|altpll:altpll_component
 16. altpll Parameter Settings by Entity Instance
 17. Port Connectivity Checks: "toggle:toggle"
 18. Analysis & Synthesis Messages



----------------
; Legal Notice ;
----------------
Copyright (C) 1991-2010 Altera Corporation
Your use of Altera Corporation's design tools, logic functions 
and other software and tools, and its AMPP partner logic 
functions, and any output files from any of the foregoing 
(including device programming or simulation files), and any 
associated documentation or information are expressly subject 
to the terms and conditions of the Altera Program License 
Subscription Agreement, Altera MegaCore Function License 
Agreement, or other applicable license agreement, including, 
without limitation, that your use is for the sole purpose of 
programming logic devices manufactured by Altera and sold by 
Altera or its authorized distributors.  Please refer to the 
applicable agreement for further details.



+--------------------------------------------------------------------------------+
; Analysis & Synthesis Summary                                                   ;
+------------------------------------+-------------------------------------------+
; Analysis & Synthesis Status        ; Successful - Tue May 29 01:31:51 2012     ;
; Quartus II Version                 ; 10.0 Build 218 06/27/2010 SJ Full Version ;
; Revision Name                      ; nand_write                                ;
; Top-level Entity Name              ; nand_write                                ;
; Family                             ; Cyclone II                                ;
; Total logic elements               ; 150                                       ;
;     Total combinational functions  ; 148                                       ;
;     Dedicated logic registers      ; 45                                        ;
; Total registers                    ; 45                                        ;
; Total pins                         ; 66                                        ;
; Total virtual pins                 ; 0                                         ;
; Total memory bits                  ; 0                                         ;
; Embedded Multiplier 9-bit elements ; 0                                         ;
; Total PLLs                         ; 1                                         ;
+------------------------------------+-------------------------------------------+


+----------------------------------------------------------------------------------------------------------------------+
; Analysis & Synthesis Settings                                                                                        ;
+----------------------------------------------------------------------------+--------------------+--------------------+
; Option                                                                     ; Setting            ; Default Value      ;
+----------------------------------------------------------------------------+--------------------+--------------------+
; Device                                                                     ; EP2C35F672C6       ;                    ;
; Top-level entity name                                                      ; nand_write         ; nand_write         ;
; Family name                                                                ; Cyclone II         ; Stratix II         ;
; Use smart compilation                                                      ; Off                ; Off                ;
; Enable parallel Assembler and TimeQuest Timing Analyzer during compilation ; On                 ; On                 ;
; Enable compact report table                                                ; Off                ; Off                ;
; Restructure Multiplexers                                                   ; Auto               ; Auto               ;
; Create Debugging Nodes for IP Cores                                        ; Off                ; Off                ;
; Preserve fewer node names                                                  ; On                 ; On                 ;
; Disable OpenCore Plus hardware evaluation                                  ; Off                ; Off                ;
; Verilog Version                                                            ; Verilog_2001       ; Verilog_2001       ;
; VHDL Version                                                               ; VHDL_1993          ; VHDL_1993          ;
; State Machine Processing                                                   ; Auto               ; Auto               ;
; Safe State Machine                                                         ; Off                ; Off                ;
; Extract Verilog State Machines                                             ; On                 ; On                 ;
; Extract VHDL State Machines                                                ; On                 ; On                 ;
; Ignore Verilog initial constructs                                          ; Off                ; Off                ;
; Iteration limit for constant Verilog loops                                 ; 5000               ; 5000               ;
; Iteration limit for non-constant Verilog loops                             ; 250                ; 250                ;
; Add Pass-Through Logic to Inferred RAMs                                    ; On                 ; On                 ;
; Parallel Synthesis                                                         ; On                 ; On                 ;
; DSP Block Balancing                                                        ; Auto               ; Auto               ;
; NOT Gate Push-Back                                                         ; On                 ; On                 ;
; Power-Up Don't Care                                                        ; On                 ; On                 ;
; Remove Redundant Logic Cells                                               ; Off                ; Off                ;
; Remove Duplicate Registers                                                 ; On                 ; On                 ;
; Ignore CARRY Buffers                                                       ; Off                ; Off                ;
; Ignore CASCADE Buffers                                                     ; Off                ; Off                ;
; Ignore GLOBAL Buffers                                                      ; Off                ; Off                ;
; Ignore ROW GLOBAL Buffers                                                  ; Off                ; Off                ;
; Ignore LCELL Buffers                                                       ; Off                ; Off                ;
; Ignore SOFT Buffers                                                        ; On                 ; On                 ;
; Limit AHDL Integers to 32 Bits                                             ; Off                ; Off                ;
; Optimization Technique                                                     ; Balanced           ; Balanced           ;
; Carry Chain Length                                                         ; 70                 ; 70                 ;
; Auto Carry Chains                                                          ; On                 ; On                 ;
; Auto Open-Drain Pins                                                       ; On                 ; On                 ;
; Perform WYSIWYG Primitive Resynthesis                                      ; Off                ; Off                ;
; Auto ROM Replacement                                                       ; On                 ; On                 ;
; Auto RAM Replacement                                                       ; On                 ; On                 ;
; Auto Shift Register Replacement                                            ; Auto               ; Auto               ;
; Auto Clock Enable Replacement                                              ; On                 ; On                 ;
; Strict RAM Replacement                                                     ; Off                ; Off                ;
; Allow Synchronous Control Signals                                          ; On                 ; On                 ;
; Force Use of Synchronous Clear Signals                                     ; Off                ; Off                ;
; Auto RAM to Logic Cell Conversion                                          ; Off                ; Off                ;
; Auto Resource Sharing                                                      ; Off                ; Off                ;
; Allow Any RAM Size For Recognition                                         ; Off                ; Off                ;
; Allow Any ROM Size For Recognition                                         ; Off                ; Off                ;
; Allow Any Shift Register Size For Recognition                              ; Off                ; Off                ;
; Use LogicLock Constraints during Resource Balancing                        ; On                 ; On                 ;
; Ignore translate_off and synthesis_off directives                          ; Off                ; Off                ;
; Timing-Driven Synthesis                                                    ; Off                ; Off                ;
; Report Parameter Settings                                                  ; On                 ; On                 ;
; Report Source Assignments                                                  ; On                 ; On                 ;
; Report Connectivity Checks                                                 ; On                 ; On                 ;
; Ignore Maximum Fan-Out Assignments                                         ; Off                ; Off                ;
; Synchronization Register Chain Length                                      ; 2                  ; 2                  ;
; PowerPlay Power Optimization                                               ; Normal compilation ; Normal compilation ;
; HDL message level                                                          ; Level2             ; Level2             ;
; Suppress Register Optimization Related Messages                            ; Off                ; Off                ;
; Number of Removed Registers Reported in Synthesis Report                   ; 5000               ; 5000               ;
; Number of Inverted Registers Reported in Synthesis Report                  ; 100                ; 100                ;
; Clock MUX Protection                                                       ; On                 ; On                 ;
; Auto Gated Clock Conversion                                                ; Off                ; Off                ;
; Block Design Naming                                                        ; Auto               ; Auto               ;
; SDC constraint protection                                                  ; Off                ; Off                ;
; Synthesis Effort                                                           ; Auto               ; Auto               ;
; Shift Register Replacement - Allow Asynchronous Clear Signal               ; On                 ; On                 ;
; Analysis & Synthesis Message Level                                         ; Medium             ; Medium             ;
; Disable Register Merging Across Hierarchies                                ; Auto               ; Auto               ;
; Resource Aware Inference For Block RAM                                     ; On                 ; On                 ;
; Synthesis Seed                                                             ; 1                  ; 1                  ;
+----------------------------------------------------------------------------+--------------------+--------------------+


+------------------------------------------+
; Parallel Compilation                     ;
+----------------------------+-------------+
; Processors                 ; Number      ;
+----------------------------+-------------+
; Number detected on machine ; 4           ;
; Maximum allowed            ; 4           ;
;                            ;             ;
; Average used               ; 1.00        ;
; Maximum used               ; 1           ;
;                            ;             ;
; Usage by Processor         ; % Time Used ;
;     1 processor            ; 100.0%      ;
;     2-4 processors         ;   0.0%      ;
+----------------------------+-------------+


+--------------------------------------------------------------------------------------------------------------------------------------------------------+
; Analysis & Synthesis Source Files Read                                                                                                                 ;
+----------------------------------+-----------------+-----------------------------+---------------------------------------------------------------------+
; File Name with User-Entered Path ; Used in Netlist ; File Type                   ; File Name with Absolute Path                                        ;
+----------------------------------+-----------------+-----------------------------+---------------------------------------------------------------------+
; toggle.v                         ; yes             ; User Verilog HDL File       ; C:/Users/albert/Documents/Quartus_workspace/nand_write/toggle.v     ;
; nand_write.v                     ; yes             ; User Verilog HDL File       ; C:/Users/albert/Documents/Quartus_workspace/nand_write/nand_write.v ;
; pll.v                            ; yes             ; User Wizard-Generated File  ; C:/Users/albert/Documents/Quartus_workspace/nand_write/pll.v        ;
; altpll.tdf                       ; yes             ; Megafunction                ; c:/altera/10.0/quartus/libraries/megafunctions/altpll.tdf           ;
+----------------------------------+-----------------+-----------------------------+---------------------------------------------------------------------+


+-------------------------------------------------------------------------------------+
; Analysis & Synthesis Resource Usage Summary                                         ;
+---------------------------------------------+---------------------------------------+
; Resource                                    ; Usage                                 ;
+---------------------------------------------+---------------------------------------+
; Estimated Total logic elements              ; 150                                   ;
;                                             ;                                       ;
; Total combinational functions               ; 148                                   ;
; Logic element usage by number of LUT inputs ;                                       ;
;     -- 4 input functions                    ; 81                                    ;
;     -- 3 input functions                    ; 24                                    ;
;     -- <=2 input functions                  ; 43                                    ;
;                                             ;                                       ;
; Logic elements by mode                      ;                                       ;
;     -- normal mode                          ; 125                                   ;
;     -- arithmetic mode                      ; 23                                    ;
;                                             ;                                       ;
; Total registers                             ; 45                                    ;
;     -- Dedicated logic registers            ; 45                                    ;
;     -- I/O registers                        ; 0                                     ;
;                                             ;                                       ;
; I/O pins                                    ; 66                                    ;
; Total PLLs                                  ; 1                                     ;
;     -- PLLs                                 ; 1                                     ;
;                                             ;                                       ;
; Maximum fan-out node                        ; pll:pll|altpll:altpll_component|_clk0 ;
; Maximum fan-out                             ; 54                                    ;
; Total fan-out                               ; 673                                   ;
; Average fan-out                             ; 2.59                                  ;
+---------------------------------------------+---------------------------------------+


+-----------------------------------------------------------------------------------------------------------------------------------------------------------------------------------------------------------------------+
; Analysis & Synthesis Resource Utilization by Entity                                                                                                                                                                   ;
+---------------------------------+-------------------+--------------+-------------+------------+--------------+---------+-----------+------+--------------+---------------------------------------------+--------------+
; Compilation Hierarchy Node      ; LC Combinationals ; LC Registers ; Memory Bits ; DSP Blocks ; DSP Elements ; DSP 9x9 ; DSP 18x18 ; Pins ; Virtual Pins ; Full Hierarchy Name                         ; Library Name ;
+---------------------------------+-------------------+--------------+-------------+------------+--------------+---------+-----------+------+--------------+---------------------------------------------+--------------+
; |nand_write                     ; 148 (102)         ; 45 (24)      ; 0           ; 0          ; 0            ; 0       ; 0         ; 66   ; 0            ; |nand_write                                 ;              ;
;    |pll:pll|                    ; 0 (0)             ; 0 (0)        ; 0           ; 0          ; 0            ; 0       ; 0         ; 0    ; 0            ; |nand_write|pll:pll                         ;              ;
;       |altpll:altpll_component| ; 0 (0)             ; 0 (0)        ; 0           ; 0          ; 0            ; 0       ; 0         ; 0    ; 0            ; |nand_write|pll:pll|altpll:altpll_component ;              ;
;    |toggle:toggle|              ; 46 (46)           ; 21 (21)      ; 0           ; 0          ; 0            ; 0       ; 0         ; 0    ; 0            ; |nand_write|toggle:toggle                   ;              ;
+---------------------------------+-------------------+--------------+-------------+------------+--------------+---------+-----------+------+--------------+---------------------------------------------+--------------+
Note: For table entries with two numbers listed, the numbers in parentheses indicate the number of resources of the given type used by the specific entity alone. The numbers listed outside of parentheses indicate the total resources of the given type used by the specific entity and all of its sub-entities in the hierarchy.


+----------------------------------------------------------------------------------------------------------------------------------------------------+
; Analysis & Synthesis IP Cores Summary                                                                                                              ;
+--------+--------------+---------+--------------+--------------+---------------------+--------------------------------------------------------------+
; Vendor ; IP Core Name ; Version ; Release Date ; License Type ; Entity Instance     ; IP Include File                                              ;
+--------+--------------+---------+--------------+--------------+---------------------+--------------------------------------------------------------+
; Altera ; ALTPLL       ; 10.0    ; N/A          ; N/A          ; |nand_write|pll:pll ; C:/Users/albert/Documents/Quartus_workspace/nand_write/pll.v ;
+--------+--------------+---------+--------------+--------------+---------------------+--------------------------------------------------------------+


Encoding Type:  One-Hot
+---------------------------------------------------------------------------------------------------------------------------------------------------------------------------------------------------------------------------------------------------+
; State Machine - |nand_write|state_reg                                                                                                                                                                                                             ;
+-----------------------------+-------------------------+-----------------------------+-------------------------+-------------------------+---------------------------+-------------------------+-------------------------+-------------------------+
; Name                        ; state_reg.pageWriteDone ; state_reg.pageWriteBusyWait ; state_reg.pageWriteCmd2 ; state_reg.pageWriteData ; state_reg.pageWriteBuffer ; state_reg.pageWriteAddr ; state_reg.pageWriteCmd1 ; state_reg.pageWriteWAIT ;
+-----------------------------+-------------------------+-----------------------------+-------------------------+-------------------------+---------------------------+-------------------------+-------------------------+-------------------------+
; state_reg.pageWriteWAIT     ; 0                       ; 0                           ; 0                       ; 0                       ; 0                         ; 0                       ; 0                       ; 0                       ;
; state_reg.pageWriteCmd1     ; 0                       ; 0                           ; 0                       ; 0                       ; 0                         ; 0                       ; 1                       ; 1                       ;
; state_reg.pageWriteAddr     ; 0                       ; 0                           ; 0                       ; 0                       ; 0                         ; 1                       ; 0                       ; 1                       ;
; state_reg.pageWriteBuffer   ; 0                       ; 0                           ; 0                       ; 0                       ; 1                         ; 0                       ; 0                       ; 1                       ;
; state_reg.pageWriteData     ; 0                       ; 0                           ; 0                       ; 1                       ; 0                         ; 0                       ; 0                       ; 1                       ;
; state_reg.pageWriteCmd2     ; 0                       ; 0                           ; 1                       ; 0                       ; 0                         ; 0                       ; 0                       ; 1                       ;
; state_reg.pageWriteBusyWait ; 0                       ; 1                           ; 0                       ; 0                       ; 0                         ; 0                       ; 0                       ; 1                       ;
; state_reg.pageWriteDone     ; 1                       ; 0                           ; 0                       ; 0                       ; 0                         ; 0                       ; 0                       ; 1                       ;
+-----------------------------+-------------------------+-----------------------------+-------------------------+-------------------------+---------------------------+-------------------------+-------------------------+-------------------------+


Encoding Type:  One-Hot
+------------------------------------------------------------------------------------------------------------+
; State Machine - |nand_write|toggle:toggle|state_reg                                                        ;
+----------------------+----------------------+-------------------+-------------------+----------------------+
; Name                 ; state_reg.toggleDONE ; state_reg.toggle2 ; state_reg.toggle1 ; state_reg.toggleWAIT ;
+----------------------+----------------------+-------------------+-------------------+----------------------+
; state_reg.toggleWAIT ; 0                    ; 0                 ; 0                 ; 0                    ;
; state_reg.toggle1    ; 0                    ; 0                 ; 1                 ; 1                    ;
; state_reg.toggle2    ; 0                    ; 1                 ; 0                 ; 1                    ;
; state_reg.toggleDONE ; 1                    ; 0                 ; 0                 ; 1                    ;
+----------------------+----------------------+-------------------+-------------------+----------------------+


+----------------------------------------------------------------------------------------------------+
; User-Specified and Inferred Latches                                                                ;
+-----------------------------------------------------+---------------------+------------------------+
; Latch Name                                          ; Latch Enable Signal ; Free of Timing Hazards ;
+-----------------------------------------------------+---------------------+------------------------+
; output_data[0]$latch                                ; Selector32          ; yes                    ;
; output_data[1]$latch                                ; Selector32          ; yes                    ;
; output_data[2]$latch                                ; Selector32          ; yes                    ;
; output_data[3]$latch                                ; Selector32          ; yes                    ;
; output_data[4]$latch                                ; Selector32          ; yes                    ;
; output_data[5]$latch                                ; Selector32          ; yes                    ;
; output_data[6]$latch                                ; Selector32          ; yes                    ;
; output_data[7]$latch                                ; Selector32          ; yes                    ;
; outputVEC1[1]$latch                                 ; Selector32          ; yes                    ;
; outputVEC1[2]$latch                                 ; Selector32          ; yes                    ;
; outputVEC1[3]$latch                                 ; Selector32          ; yes                    ;
; outputVEC2[0]$latch                                 ; Selector32          ; yes                    ;
; outputVEC2[1]$latch                                 ; Selector32          ; yes                    ;
; outputVEC2[2]$latch                                 ; Selector32          ; yes                    ;
; outputVEC2[3]$latch                                 ; Selector32          ; yes                    ;
; outputUPTO[0]$latch                                 ; Selector32          ; yes                    ;
; outputUPTO[2]$latch                                 ; Selector32          ; yes                    ;
; outputUPTO[11]$latch                                ; Selector32          ; yes                    ;
; Number of user-specified and inferred latches = 18  ;                     ;                        ;
+-----------------------------------------------------+---------------------+------------------------+
Note: All latches listed above may not be present at the end of synthesis due to various synthesis optimizations.


+------------------------------------------------------------+
; Registers Removed During Synthesis                         ;
+---------------------------------------+--------------------+
; Register name                         ; Reason for Removal ;
+---------------------------------------+--------------------+
; state_reg~4                           ; Lost fanout        ;
; state_reg~5                           ; Lost fanout        ;
; state_reg~6                           ; Lost fanout        ;
; state_reg~7                           ; Lost fanout        ;
; toggle:toggle|state_reg~4             ; Lost fanout        ;
; toggle:toggle|state_reg~5             ; Lost fanout        ;
; Total Number of Removed Registers = 6 ;                    ;
+---------------------------------------+--------------------+


+------------------------------------------------------+
; General Register Statistics                          ;
+----------------------------------------------+-------+
; Statistic                                    ; Value ;
+----------------------------------------------+-------+
; Total registers                              ; 45    ;
; Number of registers using Synchronous Clear  ; 0     ;
; Number of registers using Synchronous Load   ; 0     ;
; Number of registers using Asynchronous Clear ; 45    ;
; Number of registers using Asynchronous Load  ; 0     ;
; Number of registers using Clock Enable       ; 17    ;
; Number of registers using Preset             ; 0     ;
+----------------------------------------------+-------+


+-------------------------------------------------------------------------------------------------------------------------------------------------------+
; Multiplexer Restructuring Statistics (Restructuring Performed)                                                                                        ;
+--------------------+-----------+---------------+----------------------+------------------------+------------+-----------------------------------------+
; Multiplexer Inputs ; Bus Width ; Baseline Area ; Area if Restructured ; Saving if Restructured ; Registered ; Example Multiplexer Output              ;
+--------------------+-----------+---------------+----------------------+------------------------+------------+-----------------------------------------+
; 6:1                ; 3 bits    ; 12 LEs        ; 3 LEs                ; 9 LEs                  ; Yes        ; |nand_write|add_cnt_reg[1]              ;
; 8:1                ; 12 bits   ; 60 LEs        ; 12 LEs               ; 48 LEs                 ; Yes        ; |nand_write|CNT_reg[9]                  ;
; 3:1                ; 4 bits    ; 8 LEs         ; 4 LEs                ; 4 LEs                  ; No         ; |nand_write|toggle:toggle|delayCNT_next ;
; 6:1                ; 2 bits    ; 8 LEs         ; 8 LEs                ; 0 LEs                  ; No         ; |nand_write|Selector12                  ;
; 8:1                ; 2 bits    ; 10 LEs        ; 4 LEs                ; 6 LEs                  ; No         ; |nand_write|toggle:toggle|Selector2     ;
; 8:1                ; 2 bits    ; 10 LEs        ; 4 LEs                ; 6 LEs                  ; No         ; |nand_write|toggle:toggle|Selector3     ;
; 10:1               ; 4 bits    ; 24 LEs        ; 16 LEs               ; 8 LEs                  ; No         ; |nand_write|Selector5                   ;
+--------------------+-----------+---------------+----------------------+------------------------+------------+-----------------------------------------+


+------------------------------------------------------------------------------+
; Parameter Settings for User Entity Instance: pll:pll|altpll:altpll_component ;
+-------------------------------+-------------------+--------------------------+
; Parameter Name                ; Value             ; Type                     ;
+-------------------------------+-------------------+--------------------------+
; OPERATION_MODE                ; NORMAL            ; Untyped                  ;
; PLL_TYPE                      ; AUTO              ; Untyped                  ;
; QUALIFY_CONF_DONE             ; OFF               ; Untyped                  ;
; COMPENSATE_CLOCK              ; CLK0              ; Untyped                  ;
; SCAN_CHAIN                    ; LONG              ; Untyped                  ;
; PRIMARY_CLOCK                 ; INCLK0            ; Untyped                  ;
; INCLK0_INPUT_FREQUENCY        ; 20000             ; Signed Integer           ;
; INCLK1_INPUT_FREQUENCY        ; 0                 ; Untyped                  ;
; GATE_LOCK_SIGNAL              ; NO                ; Untyped                  ;
; GATE_LOCK_COUNTER             ; 0                 ; Untyped                  ;
; LOCK_HIGH                     ; 1                 ; Untyped                  ;
; LOCK_LOW                      ; 1                 ; Untyped                  ;
; VALID_LOCK_MULTIPLIER         ; 1                 ; Signed Integer           ;
; INVALID_LOCK_MULTIPLIER       ; 5                 ; Signed Integer           ;
; SWITCH_OVER_ON_LOSSCLK        ; OFF               ; Untyped                  ;
; SWITCH_OVER_ON_GATED_LOCK     ; OFF               ; Untyped                  ;
; ENABLE_SWITCH_OVER_COUNTER    ; OFF               ; Untyped                  ;
; SKIP_VCO                      ; OFF               ; Untyped                  ;
; SWITCH_OVER_COUNTER           ; 0                 ; Untyped                  ;
; SWITCH_OVER_TYPE              ; AUTO              ; Untyped                  ;
; FEEDBACK_SOURCE               ; EXTCLK0           ; Untyped                  ;
; BANDWIDTH                     ; 0                 ; Untyped                  ;
; BANDWIDTH_TYPE                ; AUTO              ; Untyped                  ;
; SPREAD_FREQUENCY              ; 0                 ; Untyped                  ;
; DOWN_SPREAD                   ; 0                 ; Untyped                  ;
; SELF_RESET_ON_GATED_LOSS_LOCK ; OFF               ; Untyped                  ;
; SELF_RESET_ON_LOSS_LOCK       ; OFF               ; Untyped                  ;
; CLK9_MULTIPLY_BY              ; 0                 ; Untyped                  ;
; CLK8_MULTIPLY_BY              ; 0                 ; Untyped                  ;
; CLK7_MULTIPLY_BY              ; 0                 ; Untyped                  ;
; CLK6_MULTIPLY_BY              ; 0                 ; Untyped                  ;
; CLK5_MULTIPLY_BY              ; 1                 ; Untyped                  ;
; CLK4_MULTIPLY_BY              ; 1                 ; Untyped                  ;
; CLK3_MULTIPLY_BY              ; 1                 ; Untyped                  ;
; CLK2_MULTIPLY_BY              ; 1                 ; Untyped                  ;
; CLK1_MULTIPLY_BY              ; 1                 ; Untyped                  ;
; CLK0_MULTIPLY_BY              ; 2                 ; Signed Integer           ;
; CLK9_DIVIDE_BY                ; 0                 ; Untyped                  ;
; CLK8_DIVIDE_BY                ; 0                 ; Untyped                  ;
; CLK7_DIVIDE_BY                ; 0                 ; Untyped                  ;
; CLK6_DIVIDE_BY                ; 0                 ; Untyped                  ;
; CLK5_DIVIDE_BY                ; 1                 ; Untyped                  ;
; CLK4_DIVIDE_BY                ; 1                 ; Untyped                  ;
; CLK3_DIVIDE_BY                ; 1                 ; Untyped                  ;
; CLK2_DIVIDE_BY                ; 1                 ; Untyped                  ;
; CLK1_DIVIDE_BY                ; 1                 ; Untyped                  ;
; CLK0_DIVIDE_BY                ; 1                 ; Signed Integer           ;
; CLK9_PHASE_SHIFT              ; 0                 ; Untyped                  ;
; CLK8_PHASE_SHIFT              ; 0                 ; Untyped                  ;
; CLK7_PHASE_SHIFT              ; 0                 ; Untyped                  ;
; CLK6_PHASE_SHIFT              ; 0                 ; Untyped                  ;
; CLK5_PHASE_SHIFT              ; 0                 ; Untyped                  ;
; CLK4_PHASE_SHIFT              ; 0                 ; Untyped                  ;
; CLK3_PHASE_SHIFT              ; 0                 ; Untyped                  ;
; CLK2_PHASE_SHIFT              ; 0                 ; Untyped                  ;
; CLK1_PHASE_SHIFT              ; 0                 ; Untyped                  ;
; CLK0_PHASE_SHIFT              ; 0                 ; Untyped                  ;
; CLK5_TIME_DELAY               ; 0                 ; Untyped                  ;
; CLK4_TIME_DELAY               ; 0                 ; Untyped                  ;
; CLK3_TIME_DELAY               ; 0                 ; Untyped                  ;
; CLK2_TIME_DELAY               ; 0                 ; Untyped                  ;
; CLK1_TIME_DELAY               ; 0                 ; Untyped                  ;
; CLK0_TIME_DELAY               ; 0                 ; Untyped                  ;
; CLK9_DUTY_CYCLE               ; 50                ; Untyped                  ;
; CLK8_DUTY_CYCLE               ; 50                ; Untyped                  ;
; CLK7_DUTY_CYCLE               ; 50                ; Untyped                  ;
; CLK6_DUTY_CYCLE               ; 50                ; Untyped                  ;
; CLK5_DUTY_CYCLE               ; 50                ; Untyped                  ;
; CLK4_DUTY_CYCLE               ; 50                ; Untyped                  ;
; CLK3_DUTY_CYCLE               ; 50                ; Untyped                  ;
; CLK2_DUTY_CYCLE               ; 50                ; Untyped                  ;
; CLK1_DUTY_CYCLE               ; 50                ; Untyped                  ;
; CLK0_DUTY_CYCLE               ; 50                ; Signed Integer           ;
; CLK9_USE_EVEN_COUNTER_MODE    ; OFF               ; Untyped                  ;
; CLK8_USE_EVEN_COUNTER_MODE    ; OFF               ; Untyped                  ;
; CLK7_USE_EVEN_COUNTER_MODE    ; OFF               ; Untyped                  ;
; CLK6_USE_EVEN_COUNTER_MODE    ; OFF               ; Untyped                  ;
; CLK5_USE_EVEN_COUNTER_MODE    ; OFF               ; Untyped                  ;
; CLK4_USE_EVEN_COUNTER_MODE    ; OFF               ; Untyped                  ;
; CLK3_USE_EVEN_COUNTER_MODE    ; OFF               ; Untyped                  ;
; CLK2_USE_EVEN_COUNTER_MODE    ; OFF               ; Untyped                  ;
; CLK1_USE_EVEN_COUNTER_MODE    ; OFF               ; Untyped                  ;
; CLK0_USE_EVEN_COUNTER_MODE    ; OFF               ; Untyped                  ;
; CLK9_USE_EVEN_COUNTER_VALUE   ; OFF               ; Untyped                  ;
; CLK8_USE_EVEN_COUNTER_VALUE   ; OFF               ; Untyped                  ;
; CLK7_USE_EVEN_COUNTER_VALUE   ; OFF               ; Untyped                  ;
; CLK6_USE_EVEN_COUNTER_VALUE   ; OFF               ; Untyped                  ;
; CLK5_USE_EVEN_COUNTER_VALUE   ; OFF               ; Untyped                  ;
; CLK4_USE_EVEN_COUNTER_VALUE   ; OFF               ; Untyped                  ;
; CLK3_USE_EVEN_COUNTER_VALUE   ; OFF               ; Untyped                  ;
; CLK2_USE_EVEN_COUNTER_VALUE   ; OFF               ; Untyped                  ;
; CLK1_USE_EVEN_COUNTER_VALUE   ; OFF               ; Untyped                  ;
; CLK0_USE_EVEN_COUNTER_VALUE   ; OFF               ; Untyped                  ;
; LOCK_WINDOW_UI                ;  0.05             ; Untyped                  ;
; LOCK_WINDOW_UI_BITS           ; UNUSED            ; Untyped                  ;
; VCO_RANGE_DETECTOR_LOW_BITS   ; UNUSED            ; Untyped                  ;
; VCO_RANGE_DETECTOR_HIGH_BITS  ; UNUSED            ; Untyped                  ;
; DPA_MULTIPLY_BY               ; 0                 ; Untyped                  ;
; DPA_DIVIDE_BY                 ; 1                 ; Untyped                  ;
; DPA_DIVIDER                   ; 0                 ; Untyped                  ;
; EXTCLK3_MULTIPLY_BY           ; 1                 ; Untyped                  ;
; EXTCLK2_MULTIPLY_BY           ; 1                 ; Untyped                  ;
; EXTCLK1_MULTIPLY_BY           ; 1                 ; Untyped                  ;
; EXTCLK0_MULTIPLY_BY           ; 1                 ; Untyped                  ;
; EXTCLK3_DIVIDE_BY             ; 1                 ; Untyped                  ;
; EXTCLK2_DIVIDE_BY             ; 1                 ; Untyped                  ;
; EXTCLK1_DIVIDE_BY             ; 1                 ; Untyped                  ;
; EXTCLK0_DIVIDE_BY             ; 1                 ; Untyped                  ;
; EXTCLK3_PHASE_SHIFT           ; 0                 ; Untyped                  ;
; EXTCLK2_PHASE_SHIFT           ; 0                 ; Untyped                  ;
; EXTCLK1_PHASE_SHIFT           ; 0                 ; Untyped                  ;
; EXTCLK0_PHASE_SHIFT           ; 0                 ; Untyped                  ;
; EXTCLK3_TIME_DELAY            ; 0                 ; Untyped                  ;
; EXTCLK2_TIME_DELAY            ; 0                 ; Untyped                  ;
; EXTCLK1_TIME_DELAY            ; 0                 ; Untyped                  ;
; EXTCLK0_TIME_DELAY            ; 0                 ; Untyped                  ;
; EXTCLK3_DUTY_CYCLE            ; 50                ; Untyped                  ;
; EXTCLK2_DUTY_CYCLE            ; 50                ; Untyped                  ;
; EXTCLK1_DUTY_CYCLE            ; 50                ; Untyped                  ;
; EXTCLK0_DUTY_CYCLE            ; 50                ; Untyped                  ;
; VCO_MULTIPLY_BY               ; 0                 ; Untyped                  ;
; VCO_DIVIDE_BY                 ; 0                 ; Untyped                  ;
; SCLKOUT0_PHASE_SHIFT          ; 0                 ; Untyped                  ;
; SCLKOUT1_PHASE_SHIFT          ; 0                 ; Untyped                  ;
; VCO_MIN                       ; 0                 ; Untyped                  ;
; VCO_MAX                       ; 0                 ; Untyped                  ;
; VCO_CENTER                    ; 0                 ; Untyped                  ;
; PFD_MIN                       ; 0                 ; Untyped                  ;
; PFD_MAX                       ; 0                 ; Untyped                  ;
; M_INITIAL                     ; 0                 ; Untyped                  ;
; M                             ; 0                 ; Untyped                  ;
; N                             ; 1                 ; Untyped                  ;
; M2                            ; 1                 ; Untyped                  ;
; N2                            ; 1                 ; Untyped                  ;
; SS                            ; 1                 ; Untyped                  ;
; C0_HIGH                       ; 0                 ; Untyped                  ;
; C1_HIGH                       ; 0                 ; Untyped                  ;
; C2_HIGH                       ; 0                 ; Untyped                  ;
; C3_HIGH                       ; 0                 ; Untyped                  ;
; C4_HIGH                       ; 0                 ; Untyped                  ;
; C5_HIGH                       ; 0                 ; Untyped                  ;
; C6_HIGH                       ; 0                 ; Untyped                  ;
; C7_HIGH                       ; 0                 ; Untyped                  ;
; C8_HIGH                       ; 0                 ; Untyped                  ;
; C9_HIGH                       ; 0                 ; Untyped                  ;
; C0_LOW                        ; 0                 ; Untyped                  ;
; C1_LOW                        ; 0                 ; Untyped                  ;
; C2_LOW                        ; 0                 ; Untyped                  ;
; C3_LOW                        ; 0                 ; Untyped                  ;
; C4_LOW                        ; 0                 ; Untyped                  ;
; C5_LOW                        ; 0                 ; Untyped                  ;
; C6_LOW                        ; 0                 ; Untyped                  ;
; C7_LOW                        ; 0                 ; Untyped                  ;
; C8_LOW                        ; 0                 ; Untyped                  ;
; C9_LOW                        ; 0                 ; Untyped                  ;
; C0_INITIAL                    ; 0                 ; Untyped                  ;
; C1_INITIAL                    ; 0                 ; Untyped                  ;
; C2_INITIAL                    ; 0                 ; Untyped                  ;
; C3_INITIAL                    ; 0                 ; Untyped                  ;
; C4_INITIAL                    ; 0                 ; Untyped                  ;
; C5_INITIAL                    ; 0                 ; Untyped                  ;
; C6_INITIAL                    ; 0                 ; Untyped                  ;
; C7_INITIAL                    ; 0                 ; Untyped                  ;
; C8_INITIAL                    ; 0                 ; Untyped                  ;
; C9_INITIAL                    ; 0                 ; Untyped                  ;
; C0_MODE                       ; BYPASS            ; Untyped                  ;
; C1_MODE                       ; BYPASS            ; Untyped                  ;
; C2_MODE                       ; BYPASS            ; Untyped                  ;
; C3_MODE                       ; BYPASS            ; Untyped                  ;
; C4_MODE                       ; BYPASS            ; Untyped                  ;
; C5_MODE                       ; BYPASS            ; Untyped                  ;
; C6_MODE                       ; BYPASS            ; Untyped                  ;
; C7_MODE                       ; BYPASS            ; Untyped                  ;
; C8_MODE                       ; BYPASS            ; Untyped                  ;
; C9_MODE                       ; BYPASS            ; Untyped                  ;
; C0_PH                         ; 0                 ; Untyped                  ;
; C1_PH                         ; 0                 ; Untyped                  ;
; C2_PH                         ; 0                 ; Untyped                  ;
; C3_PH                         ; 0                 ; Untyped                  ;
; C4_PH                         ; 0                 ; Untyped                  ;
; C5_PH                         ; 0                 ; Untyped                  ;
; C6_PH                         ; 0                 ; Untyped                  ;
; C7_PH                         ; 0                 ; Untyped                  ;
; C8_PH                         ; 0                 ; Untyped                  ;
; C9_PH                         ; 0                 ; Untyped                  ;
; L0_HIGH                       ; 1                 ; Untyped                  ;
; L1_HIGH                       ; 1                 ; Untyped                  ;
; G0_HIGH                       ; 1                 ; Untyped                  ;
; G1_HIGH                       ; 1                 ; Untyped                  ;
; G2_HIGH                       ; 1                 ; Untyped                  ;
; G3_HIGH                       ; 1                 ; Untyped                  ;
; E0_HIGH                       ; 1                 ; Untyped                  ;
; E1_HIGH                       ; 1                 ; Untyped                  ;
; E2_HIGH                       ; 1                 ; Untyped                  ;
; E3_HIGH                       ; 1                 ; Untyped                  ;
; L0_LOW                        ; 1                 ; Untyped                  ;
; L1_LOW                        ; 1                 ; Untyped                  ;
; G0_LOW                        ; 1                 ; Untyped                  ;
; G1_LOW                        ; 1                 ; Untyped                  ;
; G2_LOW                        ; 1                 ; Untyped                  ;
; G3_LOW                        ; 1                 ; Untyped                  ;
; E0_LOW                        ; 1                 ; Untyped                  ;
; E1_LOW                        ; 1                 ; Untyped                  ;
; E2_LOW                        ; 1                 ; Untyped                  ;
; E3_LOW                        ; 1                 ; Untyped                  ;
; L0_INITIAL                    ; 1                 ; Untyped                  ;
; L1_INITIAL                    ; 1                 ; Untyped                  ;
; G0_INITIAL                    ; 1                 ; Untyped                  ;
; G1_INITIAL                    ; 1                 ; Untyped                  ;
; G2_INITIAL                    ; 1                 ; Untyped                  ;
; G3_INITIAL                    ; 1                 ; Untyped                  ;
; E0_INITIAL                    ; 1                 ; Untyped                  ;
; E1_INITIAL                    ; 1                 ; Untyped                  ;
; E2_INITIAL                    ; 1                 ; Untyped                  ;
; E3_INITIAL                    ; 1                 ; Untyped                  ;
; L0_MODE                       ; BYPASS            ; Untyped                  ;
; L1_MODE                       ; BYPASS            ; Untyped                  ;
; G0_MODE                       ; BYPASS            ; Untyped                  ;
; G1_MODE                       ; BYPASS            ; Untyped                  ;
; G2_MODE                       ; BYPASS            ; Untyped                  ;
; G3_MODE                       ; BYPASS            ; Untyped                  ;
; E0_MODE                       ; BYPASS            ; Untyped                  ;
; E1_MODE                       ; BYPASS            ; Untyped                  ;
; E2_MODE                       ; BYPASS            ; Untyped                  ;
; E3_MODE                       ; BYPASS            ; Untyped                  ;
; L0_PH                         ; 0                 ; Untyped                  ;
; L1_PH                         ; 0                 ; Untyped                  ;
; G0_PH                         ; 0                 ; Untyped                  ;
; G1_PH                         ; 0                 ; Untyped                  ;
; G2_PH                         ; 0                 ; Untyped                  ;
; G3_PH                         ; 0                 ; Untyped                  ;
; E0_PH                         ; 0                 ; Untyped                  ;
; E1_PH                         ; 0                 ; Untyped                  ;
; E2_PH                         ; 0                 ; Untyped                  ;
; E3_PH                         ; 0                 ; Untyped                  ;
; M_PH                          ; 0                 ; Untyped                  ;
; C1_USE_CASC_IN                ; OFF               ; Untyped                  ;
; C2_USE_CASC_IN                ; OFF               ; Untyped                  ;
; C3_USE_CASC_IN                ; OFF               ; Untyped                  ;
; C4_USE_CASC_IN                ; OFF               ; Untyped                  ;
; C5_USE_CASC_IN                ; OFF               ; Untyped                  ;
; C6_USE_CASC_IN                ; OFF               ; Untyped                  ;
; C7_USE_CASC_IN                ; OFF               ; Untyped                  ;
; C8_USE_CASC_IN                ; OFF               ; Untyped                  ;
; C9_USE_CASC_IN                ; OFF               ; Untyped                  ;
; CLK0_COUNTER                  ; G0                ; Untyped                  ;
; CLK1_COUNTER                  ; G0                ; Untyped                  ;
; CLK2_COUNTER                  ; G0                ; Untyped                  ;
; CLK3_COUNTER                  ; G0                ; Untyped                  ;
; CLK4_COUNTER                  ; G0                ; Untyped                  ;
; CLK5_COUNTER                  ; G0                ; Untyped                  ;
; CLK6_COUNTER                  ; E0                ; Untyped                  ;
; CLK7_COUNTER                  ; E1                ; Untyped                  ;
; CLK8_COUNTER                  ; E2                ; Untyped                  ;
; CLK9_COUNTER                  ; E3                ; Untyped                  ;
; L0_TIME_DELAY                 ; 0                 ; Untyped                  ;
; L1_TIME_DELAY                 ; 0                 ; Untyped                  ;
; G0_TIME_DELAY                 ; 0                 ; Untyped                  ;
; G1_TIME_DELAY                 ; 0                 ; Untyped                  ;
; G2_TIME_DELAY                 ; 0                 ; Untyped                  ;
; G3_TIME_DELAY                 ; 0                 ; Untyped                  ;
; E0_TIME_DELAY                 ; 0                 ; Untyped                  ;
; E1_TIME_DELAY                 ; 0                 ; Untyped                  ;
; E2_TIME_DELAY                 ; 0                 ; Untyped                  ;
; E3_TIME_DELAY                 ; 0                 ; Untyped                  ;
; M_TIME_DELAY                  ; 0                 ; Untyped                  ;
; N_TIME_DELAY                  ; 0                 ; Untyped                  ;
; EXTCLK3_COUNTER               ; E3                ; Untyped                  ;
; EXTCLK2_COUNTER               ; E2                ; Untyped                  ;
; EXTCLK1_COUNTER               ; E1                ; Untyped                  ;
; EXTCLK0_COUNTER               ; E0                ; Untyped                  ;
; ENABLE0_COUNTER               ; L0                ; Untyped                  ;
; ENABLE1_COUNTER               ; L0                ; Untyped                  ;
; CHARGE_PUMP_CURRENT           ; 2                 ; Untyped                  ;
; LOOP_FILTER_R                 ;  1.000000         ; Untyped                  ;
; LOOP_FILTER_C                 ; 5                 ; Untyped                  ;
; CHARGE_PUMP_CURRENT_BITS      ; 9999              ; Untyped                  ;
; LOOP_FILTER_R_BITS            ; 9999              ; Untyped                  ;
; LOOP_FILTER_C_BITS            ; 9999              ; Untyped                  ;
; VCO_POST_SCALE                ; 0                 ; Untyped                  ;
; CLK2_OUTPUT_FREQUENCY         ; 0                 ; Untyped                  ;
; CLK1_OUTPUT_FREQUENCY         ; 0                 ; Untyped                  ;
; CLK0_OUTPUT_FREQUENCY         ; 0                 ; Untyped                  ;
; INTENDED_DEVICE_FAMILY        ; Cyclone II        ; Untyped                  ;
; PORT_CLKENA0                  ; PORT_UNUSED       ; Untyped                  ;
; PORT_CLKENA1                  ; PORT_UNUSED       ; Untyped                  ;
; PORT_CLKENA2                  ; PORT_UNUSED       ; Untyped                  ;
; PORT_CLKENA3                  ; PORT_UNUSED       ; Untyped                  ;
; PORT_CLKENA4                  ; PORT_UNUSED       ; Untyped                  ;
; PORT_CLKENA5                  ; PORT_UNUSED       ; Untyped                  ;
; PORT_EXTCLKENA0               ; PORT_CONNECTIVITY ; Untyped                  ;
; PORT_EXTCLKENA1               ; PORT_CONNECTIVITY ; Untyped                  ;
; PORT_EXTCLKENA2               ; PORT_CONNECTIVITY ; Untyped                  ;
; PORT_EXTCLKENA3               ; PORT_CONNECTIVITY ; Untyped                  ;
; PORT_EXTCLK0                  ; PORT_UNUSED       ; Untyped                  ;
; PORT_EXTCLK1                  ; PORT_UNUSED       ; Untyped                  ;
; PORT_EXTCLK2                  ; PORT_UNUSED       ; Untyped                  ;
; PORT_EXTCLK3                  ; PORT_UNUSED       ; Untyped                  ;
; PORT_CLKBAD0                  ; PORT_UNUSED       ; Untyped                  ;
; PORT_CLKBAD1                  ; PORT_UNUSED       ; Untyped                  ;
; PORT_CLK0                     ; PORT_USED         ; Untyped                  ;
; PORT_CLK1                     ; PORT_UNUSED       ; Untyped                  ;
; PORT_CLK2                     ; PORT_UNUSED       ; Untyped                  ;
; PORT_CLK3                     ; PORT_UNUSED       ; Untyped                  ;
; PORT_CLK4                     ; PORT_UNUSED       ; Untyped                  ;
; PORT_CLK5                     ; PORT_UNUSED       ; Untyped                  ;
; PORT_CLK6                     ; PORT_UNUSED       ; Untyped                  ;
; PORT_CLK7                     ; PORT_UNUSED       ; Untyped                  ;
; PORT_CLK8                     ; PORT_UNUSED       ; Untyped                  ;
; PORT_CLK9                     ; PORT_UNUSED       ; Untyped                  ;
; PORT_SCANDATA                 ; PORT_UNUSED       ; Untyped                  ;
; PORT_SCANDATAOUT              ; PORT_UNUSED       ; Untyped                  ;
; PORT_SCANDONE                 ; PORT_UNUSED       ; Untyped                  ;
; PORT_SCLKOUT1                 ; PORT_CONNECTIVITY ; Untyped                  ;
; PORT_SCLKOUT0                 ; PORT_CONNECTIVITY ; Untyped                  ;
; PORT_ACTIVECLOCK              ; PORT_UNUSED       ; Untyped                  ;
; PORT_CLKLOSS                  ; PORT_UNUSED       ; Untyped                  ;
; PORT_INCLK1                   ; PORT_UNUSED       ; Untyped                  ;
; PORT_INCLK0                   ; PORT_USED         ; Untyped                  ;
; PORT_FBIN                     ; PORT_UNUSED       ; Untyped                  ;
; PORT_PLLENA                   ; PORT_UNUSED       ; Untyped                  ;
; PORT_CLKSWITCH                ; PORT_UNUSED       ; Untyped                  ;
; PORT_ARESET                   ; PORT_UNUSED       ; Untyped                  ;
; PORT_PFDENA                   ; PORT_UNUSED       ; Untyped                  ;
; PORT_SCANCLK                  ; PORT_UNUSED       ; Untyped                  ;
; PORT_SCANACLR                 ; PORT_UNUSED       ; Untyped                  ;
; PORT_SCANREAD                 ; PORT_UNUSED       ; Untyped                  ;
; PORT_SCANWRITE                ; PORT_UNUSED       ; Untyped                  ;
; PORT_ENABLE0                  ; PORT_CONNECTIVITY ; Untyped                  ;
; PORT_ENABLE1                  ; PORT_CONNECTIVITY ; Untyped                  ;
; PORT_LOCKED                   ; PORT_USED         ; Untyped                  ;
; PORT_CONFIGUPDATE             ; PORT_UNUSED       ; Untyped                  ;
; PORT_FBOUT                    ; PORT_CONNECTIVITY ; Untyped                  ;
; PORT_PHASEDONE                ; PORT_UNUSED       ; Untyped                  ;
; PORT_PHASESTEP                ; PORT_UNUSED       ; Untyped                  ;
; PORT_PHASEUPDOWN              ; PORT_UNUSED       ; Untyped                  ;
; PORT_SCANCLKENA               ; PORT_UNUSED       ; Untyped                  ;
; PORT_PHASECOUNTERSELECT       ; PORT_UNUSED       ; Untyped                  ;
; PORT_VCOOVERRANGE             ; PORT_CONNECTIVITY ; Untyped                  ;
; PORT_VCOUNDERRANGE            ; PORT_CONNECTIVITY ; Untyped                  ;
; M_TEST_SOURCE                 ; 5                 ; Untyped                  ;
; C0_TEST_SOURCE                ; 5                 ; Untyped                  ;
; C1_TEST_SOURCE                ; 5                 ; Untyped                  ;
; C2_TEST_SOURCE                ; 5                 ; Untyped                  ;
; C3_TEST_SOURCE                ; 5                 ; Untyped                  ;
; C4_TEST_SOURCE                ; 5                 ; Untyped                  ;
; C5_TEST_SOURCE                ; 5                 ; Untyped                  ;
; C6_TEST_SOURCE                ; 5                 ; Untyped                  ;
; C7_TEST_SOURCE                ; 5                 ; Untyped                  ;
; C8_TEST_SOURCE                ; 5                 ; Untyped                  ;
; C9_TEST_SOURCE                ; 5                 ; Untyped                  ;
; CBXI_PARAMETER                ; NOTHING           ; Untyped                  ;
; VCO_FREQUENCY_CONTROL         ; AUTO              ; Untyped                  ;
; VCO_PHASE_SHIFT_STEP          ; 0                 ; Untyped                  ;
; WIDTH_CLOCK                   ; 6                 ; Untyped                  ;
; WIDTH_PHASECOUNTERSELECT      ; 4                 ; Untyped                  ;
; USING_FBMIMICBIDIR_PORT       ; OFF               ; Untyped                  ;
; DEVICE_FAMILY                 ; Cyclone II        ; Untyped                  ;
; SCAN_CHAIN_MIF_FILE           ; UNUSED            ; Untyped                  ;
; SIM_GATE_LOCK_DEVICE_BEHAVIOR ; OFF               ; Untyped                  ;
; AUTO_CARRY_CHAINS             ; ON                ; AUTO_CARRY               ;
; IGNORE_CARRY_BUFFERS          ; OFF               ; IGNORE_CARRY             ;
; AUTO_CASCADE_CHAINS           ; ON                ; AUTO_CASCADE             ;
; IGNORE_CASCADE_BUFFERS        ; OFF               ; IGNORE_CASCADE           ;
+-------------------------------+-------------------+--------------------------+
Note: In order to hide this table in the UI and the text report file, please set the "Show Parameter Settings in Synthesis Report" option in "Analysis and Synthesis Settings -> More Settings" to "Off".


+-----------------------------------------------------------------+
; altpll Parameter Settings by Entity Instance                    ;
+-------------------------------+---------------------------------+
; Name                          ; Value                           ;
+-------------------------------+---------------------------------+
; Number of entity instances    ; 1                               ;
; Entity Instance               ; pll:pll|altpll:altpll_component ;
;     -- OPERATION_MODE         ; NORMAL                          ;
;     -- PLL_TYPE               ; AUTO                            ;
;     -- PRIMARY_CLOCK          ; INCLK0                          ;
;     -- INCLK0_INPUT_FREQUENCY ; 20000                           ;
;     -- INCLK1_INPUT_FREQUENCY ; 0                               ;
;     -- VCO_MULTIPLY_BY        ; 0                               ;
;     -- VCO_DIVIDE_BY          ; 0                               ;
+-------------------------------+---------------------------------+


+--------------------------------------------------------------------------------------------------------------------------+
; Port Connectivity Checks: "toggle:toggle"                                                                                ;
+----------------+--------+----------+-------------------------------------------------------------------------------------+
; Port           ; Type   ; Severity ; Details                                                                             ;
+----------------+--------+----------+-------------------------------------------------------------------------------------+
; cntUPTO[10..3] ; Input  ; Info     ; Stuck at GND                                                                        ;
; cntUPTO[1]     ; Input  ; Info     ; Stuck at GND                                                                        ;
; outputVEC1[4]  ; Input  ; Info     ; Stuck at GND                                                                        ;
; outputVEC1[0]  ; Input  ; Info     ; Stuck at GND                                                                        ;
; outputVEC2[4]  ; Input  ; Info     ; Stuck at GND                                                                        ;
; outputVEC      ; Output ; Info     ; Connected to dangling logic. Logic that only feeds a dangling port will be removed. ;
+----------------+--------+----------+-------------------------------------------------------------------------------------+


+-------------------------------+
; Analysis & Synthesis Messages ;
+-------------------------------+
Info: *******************************************************************
Info: Running Quartus II Analysis & Synthesis
    Info: Version 10.0 Build 218 06/27/2010 SJ Full Version
    Info: Processing started: Tue May 29 01:31:49 2012
Info: Command: quartus_map --read_settings_files=on --write_settings_files=off nand_write -c nand_write
Info: Parallel compilation is enabled and will use 4 of the 4 processors detected
Info: Found 1 design units, including 1 entities, in source file nand_write_tb.v
    Info: Found entity 1: nand_write_tb
Info: Found 1 design units, including 1 entities, in source file toggle.v
    Info: Found entity 1: toggle
Info: Found 1 design units, including 1 entities, in source file nand_write.v
    Info: Found entity 1: nand_write
Info: Found 1 design units, including 1 entities, in source file pll.v
    Info: Found entity 1: pll
Info: Elaborating entity "nand_write" for the top level hierarchy
Warning (10230): Verilog HDL assignment warning at nand_write.v(174): truncated value with size 32 to match size of target (8)
Warning (10230): Verilog HDL assignment warning at nand_write.v(201): truncated value with size 32 to match size of target (8)
Warning (10240): Verilog HDL Always Construct warning at nand_write.v(131): inferring latch(es) for variable "outputUPTO", which holds its previous value in one or more paths through the always construct
Warning (10240): Verilog HDL Always Construct warning at nand_write.v(131): inferring latch(es) for variable "outputVEC1", which holds its previous value in one or more paths through the always construct
Warning (10240): Verilog HDL Always Construct warning at nand_write.v(131): inferring latch(es) for variable "outputVEC2", which holds its previous value in one or more paths through the always construct
Warning (10240): Verilog HDL Always Construct warning at nand_write.v(131): inferring latch(es) for variable "output_data", which holds its previous value in one or more paths through the always construct
Info (10041): Inferred latch for "output_data[0]" at nand_write.v(131)
Info (10041): Inferred latch for "output_data[1]" at nand_write.v(131)
Info (10041): Inferred latch for "output_data[2]" at nand_write.v(131)
Info (10041): Inferred latch for "output_data[3]" at nand_write.v(131)
Info (10041): Inferred latch for "output_data[4]" at nand_write.v(131)
Info (10041): Inferred latch for "output_data[5]" at nand_write.v(131)
Info (10041): Inferred latch for "output_data[6]" at nand_write.v(131)
Info (10041): Inferred latch for "output_data[7]" at nand_write.v(131)
Info (10041): Inferred latch for "outputVEC2[0]" at nand_write.v(131)
Info (10041): Inferred latch for "outputVEC2[1]" at nand_write.v(131)
Info (10041): Inferred latch for "outputVEC2[2]" at nand_write.v(131)
Info (10041): Inferred latch for "outputVEC2[3]" at nand_write.v(131)
Info (10041): Inferred latch for "outputVEC2[4]" at nand_write.v(131)
Info (10041): Inferred latch for "outputVEC1[0]" at nand_write.v(131)
Info (10041): Inferred latch for "outputVEC1[1]" at nand_write.v(131)
Info (10041): Inferred latch for "outputVEC1[2]" at nand_write.v(131)
Info (10041): Inferred latch for "outputVEC1[3]" at nand_write.v(131)
Info (10041): Inferred latch for "outputVEC1[4]" at nand_write.v(131)
Info (10041): Inferred latch for "outputUPTO[0]" at nand_write.v(131)
Info (10041): Inferred latch for "outputUPTO[1]" at nand_write.v(131)
Info (10041): Inferred latch for "outputUPTO[2]" at nand_write.v(131)
Info (10041): Inferred latch for "outputUPTO[3]" at nand_write.v(131)
Info (10041): Inferred latch for "outputUPTO[4]" at nand_write.v(131)
Info (10041): Inferred latch for "outputUPTO[5]" at nand_write.v(131)
Info (10041): Inferred latch for "outputUPTO[6]" at nand_write.v(131)
Info (10041): Inferred latch for "outputUPTO[7]" at nand_write.v(131)
Info (10041): Inferred latch for "outputUPTO[8]" at nand_write.v(131)
Info (10041): Inferred latch for "outputUPTO[9]" at nand_write.v(131)
Info (10041): Inferred latch for "outputUPTO[10]" at nand_write.v(131)
Info (10041): Inferred latch for "outputUPTO[11]" at nand_write.v(131)
Info: Elaborating entity "pll" for hierarchy "pll:pll"
Info: Elaborating entity "altpll" for hierarchy "pll:pll|altpll:altpll_component"
Info: Elaborated megafunction instantiation "pll:pll|altpll:altpll_component"
Info: Instantiated megafunction "pll:pll|altpll:altpll_component" with the following parameter:
    Info: Parameter "clk0_divide_by" = "1"
    Info: Parameter "clk0_duty_cycle" = "50"
    Info: Parameter "clk0_multiply_by" = "2"
    Info: Parameter "clk0_phase_shift" = "0"
    Info: Parameter "compensate_clock" = "CLK0"
    Info: Parameter "gate_lock_signal" = "NO"
    Info: Parameter "inclk0_input_frequency" = "20000"
    Info: Parameter "intended_device_family" = "Cyclone II"
    Info: Parameter "invalid_lock_multiplier" = "5"
    Info: Parameter "lpm_hint" = "CBX_MODULE_PREFIX=pll"
    Info: Parameter "lpm_type" = "altpll"
    Info: Parameter "operation_mode" = "NORMAL"
    Info: Parameter "port_activeclock" = "PORT_UNUSED"
    Info: Parameter "port_areset" = "PORT_UNUSED"
    Info: Parameter "port_clkbad0" = "PORT_UNUSED"
    Info: Parameter "port_clkbad1" = "PORT_UNUSED"
    Info: Parameter "port_clkloss" = "PORT_UNUSED"
    Info: Parameter "port_clkswitch" = "PORT_UNUSED"
    Info: Parameter "port_configupdate" = "PORT_UNUSED"
    Info: Parameter "port_fbin" = "PORT_UNUSED"
    Info: Parameter "port_inclk0" = "PORT_USED"
    Info: Parameter "port_inclk1" = "PORT_UNUSED"
    Info: Parameter "port_locked" = "PORT_USED"
    Info: Parameter "port_pfdena" = "PORT_UNUSED"
    Info: Parameter "port_phasecounterselect" = "PORT_UNUSED"
    Info: Parameter "port_phasedone" = "PORT_UNUSED"
    Info: Parameter "port_phasestep" = "PORT_UNUSED"
    Info: Parameter "port_phaseupdown" = "PORT_UNUSED"
    Info: Parameter "port_pllena" = "PORT_UNUSED"
    Info: Parameter "port_scanaclr" = "PORT_UNUSED"
    Info: Parameter "port_scanclk" = "PORT_UNUSED"
    Info: Parameter "port_scanclkena" = "PORT_UNUSED"
    Info: Parameter "port_scandata" = "PORT_UNUSED"
    Info: Parameter "port_scandataout" = "PORT_UNUSED"
    Info: Parameter "port_scandone" = "PORT_UNUSED"
    Info: Parameter "port_scanread" = "PORT_UNUSED"
    Info: Parameter "port_scanwrite" = "PORT_UNUSED"
    Info: Parameter "port_clk0" = "PORT_USED"
    Info: Parameter "port_clk1" = "PORT_UNUSED"
    Info: Parameter "port_clk2" = "PORT_UNUSED"
    Info: Parameter "port_clk3" = "PORT_UNUSED"
    Info: Parameter "port_clk4" = "PORT_UNUSED"
    Info: Parameter "port_clk5" = "PORT_UNUSED"
    Info: Parameter "port_clkena0" = "PORT_UNUSED"
    Info: Parameter "port_clkena1" = "PORT_UNUSED"
    Info: Parameter "port_clkena2" = "PORT_UNUSED"
    Info: Parameter "port_clkena3" = "PORT_UNUSED"
    Info: Parameter "port_clkena4" = "PORT_UNUSED"
    Info: Parameter "port_clkena5" = "PORT_UNUSED"
    Info: Parameter "port_extclk0" = "PORT_UNUSED"
    Info: Parameter "port_extclk1" = "PORT_UNUSED"
    Info: Parameter "port_extclk2" = "PORT_UNUSED"
    Info: Parameter "port_extclk3" = "PORT_UNUSED"
    Info: Parameter "valid_lock_multiplier" = "1"
Info: Elaborating entity "toggle" for hierarchy "toggle:toggle"
Info: Duplicate LATCH primitives merged into single LATCH primitive
    Info: Duplicate LATCH primitive "output_data[7]$latch" merged with LATCH primitive "output_data[2]$latch"
    Info: Duplicate LATCH primitive "output_data[6]$latch" merged with LATCH primitive "output_data[2]$latch"
    Info: Duplicate LATCH primitive "output_data[5]$latch" merged with LATCH primitive "output_data[2]$latch"
    Info: Duplicate LATCH primitive "output_data[3]$latch" merged with LATCH primitive "output_data[2]$latch"
    Info: Duplicate LATCH primitive "outputVEC1[1]$latch" merged with LATCH primitive "output_data[4]$latch"
    Info: Duplicate LATCH primitive "outputVEC2[1]$latch" merged with LATCH primitive "output_data[4]$latch"
    Info: Duplicate LATCH primitive "outputVEC2[0]$latch" merged with LATCH primitive "output_data[4]$latch"
    Info: Duplicate LATCH primitive "outputVEC2[2]$latch" merged with LATCH primitive "outputVEC1[2]$latch"
    Info: Duplicate LATCH primitive "outputUPTO[2]$latch" merged with LATCH primitive "outputVEC1[2]$latch"
    Info: Duplicate LATCH primitive "outputVEC2[3]$latch" merged with LATCH primitive "outputVEC1[3]$latch"
    Info: Duplicate LATCH primitive "outputUPTO[0]$latch" merged with LATCH primitive "outputVEC1[3]$latch"
Warning: Latch output_data[0]$latch has unsafe behavior
    Warning: Ports D and ENA on the latch are fed by the same signal state_reg.pageWriteAddr
Warning: Latch output_data[1]$latch has unsafe behavior
    Warning: Ports D and ENA on the latch are fed by the same signal toggle:toggle|toggleDone_reg
Warning: Latch output_data[2]$latch has unsafe behavior
    Warning: Ports D and ENA on the latch are fed by the same signal toggle:toggle|toggleDone_reg
Warning: Latch output_data[4]$latch has unsafe behavior
    Warning: Ports D and ENA on the latch are fed by the same signal toggle:toggle|toggleDone_reg
Warning: Latch outputVEC1[2]$latch has unsafe behavior
    Warning: Ports D and ENA on the latch are fed by the same signal state_reg.pageWriteAddr
Warning: Latch outputVEC1[3]$latch has unsafe behavior
    Warning: Ports D and ENA on the latch are fed by the same signal toggle:toggle|toggleDone_reg
Warning: Latch outputUPTO[11]$latch has unsafe behavior
    Warning: Ports D and ENA on the latch are fed by the same signal toggle:toggle|toggleDone_reg
Warning: Output pins are stuck at VCC or GND
    Warning (13410): Pin "outputVEC1[0]" is stuck at GND
    Warning (13410): Pin "outputVEC1[4]" is stuck at GND
    Warning (13410): Pin "outputVEC2[4]" is stuck at GND
    Warning (13410): Pin "outputUPTO[1]" is stuck at GND
    Warning (13410): Pin "outputUPTO[3]" is stuck at GND
    Warning (13410): Pin "outputUPTO[4]" is stuck at GND
    Warning (13410): Pin "outputUPTO[5]" is stuck at GND
    Warning (13410): Pin "outputUPTO[6]" is stuck at GND
    Warning (13410): Pin "outputUPTO[7]" is stuck at GND
    Warning (13410): Pin "outputUPTO[8]" is stuck at GND
    Warning (13410): Pin "outputUPTO[9]" is stuck at GND
    Warning (13410): Pin "outputUPTO[10]" is stuck at GND
    Warning (13410): Pin "state_reg_tb[3]" is stuck at GND
Info: 6 registers lost all their fanouts during netlist optimizations. The first 6 are displayed below.
    Info: Register "state_reg~4" lost all its fanouts during netlist optimizations.
    Info: Register "state_reg~5" lost all its fanouts during netlist optimizations.
    Info: Register "state_reg~6" lost all its fanouts during netlist optimizations.
    Info: Register "state_reg~7" lost all its fanouts during netlist optimizations.
    Info: Register "toggle:toggle|state_reg~4" lost all its fanouts during netlist optimizations.
    Info: Register "toggle:toggle|state_reg~5" lost all its fanouts during netlist optimizations.
Info: Generating hard_block partition "hard_block:auto_generated_inst"
    Info: Adding node "pll:pll|altpll:altpll_component|pll"
Info: Implemented 217 device resources after synthesis - the final resource count might be different
    Info: Implemented 12 input pins
    Info: Implemented 54 output pins
    Info: Implemented 150 logic cells
    Info: Implemented 1 PLLs
Info: Quartus II Analysis & Synthesis was successful. 0 errors, 34 warnings
    Info: Peak virtual memory: 271 megabytes
    Info: Processing ended: Tue May 29 01:31:51 2012
    Info: Elapsed time: 00:00:02
    Info: Total CPU time (on all processors): 00:00:02


