Analysis & Synthesis report for readID
Sun Jul 29 00:59:59 2012
Quartus II Version 10.0 Build 218 06/27/2010 SJ Full Version


---------------------
; Table of Contents ;
---------------------
  1. Legal Notice
  2. Analysis & Synthesis Summary
  3. Analysis & Synthesis Settings
  4. Parallel Compilation
  5. Analysis & Synthesis Source Files Read
  6. Analysis & Synthesis Resource Usage Summary
  7. Analysis & Synthesis Resource Utilization by Entity
  8. State Machine - |readID|state_reg
  9. State Machine - |readID|toggle:toggle|state_reg
 10. User-Specified and Inferred Latches
 11. Registers Removed During Synthesis
 12. General Register Statistics
 13. Multiplexer Restructuring Statistics (Restructuring Performed)
 14. Analysis & Synthesis Messages



----------------
; Legal Notice ;
----------------
Copyright (C) 1991-2010 Altera Corporation
Your use of Altera Corporation's design tools, logic functions 
and other software and tools, and its AMPP partner logic 
functions, and any output files from any of the foregoing 
(including device programming or simulation files), and any 
associated documentation or information are expressly subject 
to the terms and conditions of the Altera Program License 
Subscription Agreement, Altera MegaCore Function License 
Agreement, or other applicable license agreement, including, 
without limitation, that your use is for the sole purpose of 
programming logic devices manufactured by Altera and sold by 
Altera or its authorized distributors.  Please refer to the 
applicable agreement for further details.



+--------------------------------------------------------------------------------+
; Analysis & Synthesis Summary                                                   ;
+------------------------------------+-------------------------------------------+
; Analysis & Synthesis Status        ; Successful - Sun Jul 29 00:59:59 2012     ;
; Quartus II Version                 ; 10.0 Build 218 06/27/2010 SJ Full Version ;
; Revision Name                      ; readID                                    ;
; Top-level Entity Name              ; readID                                    ;
; Family                             ; Cyclone II                                ;
; Total logic elements               ; 92                                        ;
;     Total combinational functions  ; 90                                        ;
;     Dedicated logic registers      ; 30                                        ;
; Total registers                    ; 30                                        ;
; Total pins                         ; 38                                        ;
; Total virtual pins                 ; 0                                         ;
; Total memory bits                  ; 0                                         ;
; Embedded Multiplier 9-bit elements ; 0                                         ;
; Total PLLs                         ; 0                                         ;
+------------------------------------+-------------------------------------------+


+----------------------------------------------------------------------------------------------------------------------+
; Analysis & Synthesis Settings                                                                                        ;
+----------------------------------------------------------------------------+--------------------+--------------------+
; Option                                                                     ; Setting            ; Default Value      ;
+----------------------------------------------------------------------------+--------------------+--------------------+
; Device                                                                     ; EP2C35F672C6       ;                    ;
; Top-level entity name                                                      ; readID             ; readID             ;
; Family name                                                                ; Cyclone II         ; Stratix II         ;
; Use smart compilation                                                      ; Off                ; Off                ;
; Enable parallel Assembler and TimeQuest Timing Analyzer during compilation ; On                 ; On                 ;
; Enable compact report table                                                ; Off                ; Off                ;
; Restructure Multiplexers                                                   ; Auto               ; Auto               ;
; Create Debugging Nodes for IP Cores                                        ; Off                ; Off                ;
; Preserve fewer node names                                                  ; On                 ; On                 ;
; Disable OpenCore Plus hardware evaluation                                  ; Off                ; Off                ;
; Verilog Version                                                            ; Verilog_2001       ; Verilog_2001       ;
; VHDL Version                                                               ; VHDL_1993          ; VHDL_1993          ;
; State Machine Processing                                                   ; Auto               ; Auto               ;
; Safe State Machine                                                         ; Off                ; Off                ;
; Extract Verilog State Machines                                             ; On                 ; On                 ;
; Extract VHDL State Machines                                                ; On                 ; On                 ;
; Ignore Verilog initial constructs                                          ; Off                ; Off                ;
; Iteration limit for constant Verilog loops                                 ; 5000               ; 5000               ;
; Iteration limit for non-constant Verilog loops                             ; 250                ; 250                ;
; Add Pass-Through Logic to Inferred RAMs                                    ; On                 ; On                 ;
; Parallel Synthesis                                                         ; On                 ; On                 ;
; DSP Block Balancing                                                        ; Auto               ; Auto               ;
; NOT Gate Push-Back                                                         ; On                 ; On                 ;
; Power-Up Don't Care                                                        ; On                 ; On                 ;
; Remove Redundant Logic Cells                                               ; Off                ; Off                ;
; Remove Duplicate Registers                                                 ; On                 ; On                 ;
; Ignore CARRY Buffers                                                       ; Off                ; Off                ;
; Ignore CASCADE Buffers                                                     ; Off                ; Off                ;
; Ignore GLOBAL Buffers                                                      ; Off                ; Off                ;
; Ignore ROW GLOBAL Buffers                                                  ; Off                ; Off                ;
; Ignore LCELL Buffers                                                       ; Off                ; Off                ;
; Ignore SOFT Buffers                                                        ; On                 ; On                 ;
; Limit AHDL Integers to 32 Bits                                             ; Off                ; Off                ;
; Optimization Technique                                                     ; Balanced           ; Balanced           ;
; Carry Chain Length                                                         ; 70                 ; 70                 ;
; Auto Carry Chains                                                          ; On                 ; On                 ;
; Auto Open-Drain Pins                                                       ; On                 ; On                 ;
; Perform WYSIWYG Primitive Resynthesis                                      ; Off                ; Off                ;
; Auto ROM Replacement                                                       ; On                 ; On                 ;
; Auto RAM Replacement                                                       ; On                 ; On                 ;
; Auto Shift Register Replacement                                            ; Auto               ; Auto               ;
; Auto Clock Enable Replacement                                              ; On                 ; On                 ;
; Strict RAM Replacement                                                     ; Off                ; Off                ;
; Allow Synchronous Control Signals                                          ; On                 ; On                 ;
; Force Use of Synchronous Clear Signals                                     ; Off                ; Off                ;
; Auto RAM to Logic Cell Conversion                                          ; Off                ; Off                ;
; Auto Resource Sharing                                                      ; Off                ; Off                ;
; Allow Any RAM Size For Recognition                                         ; Off                ; Off                ;
; Allow Any ROM Size For Recognition                                         ; Off                ; Off                ;
; Allow Any Shift Register Size For Recognition                              ; Off                ; Off                ;
; Use LogicLock Constraints during Resource Balancing                        ; On                 ; On                 ;
; Ignore translate_off and synthesis_off directives                          ; Off                ; Off                ;
; Timing-Driven Synthesis                                                    ; Off                ; Off                ;
; Report Parameter Settings                                                  ; On                 ; On                 ;
; Report Source Assignments                                                  ; On                 ; On                 ;
; Report Connectivity Checks                                                 ; On                 ; On                 ;
; Ignore Maximum Fan-Out Assignments                                         ; Off                ; Off                ;
; Synchronization Register Chain Length                                      ; 2                  ; 2                  ;
; PowerPlay Power Optimization                                               ; Normal compilation ; Normal compilation ;
; HDL message level                                                          ; Level2             ; Level2             ;
; Suppress Register Optimization Related Messages                            ; Off                ; Off                ;
; Number of Removed Registers Reported in Synthesis Report                   ; 5000               ; 5000               ;
; Number of Inverted Registers Reported in Synthesis Report                  ; 100                ; 100                ;
; Clock MUX Protection                                                       ; On                 ; On                 ;
; Auto Gated Clock Conversion                                                ; Off                ; Off                ;
; Block Design Naming                                                        ; Auto               ; Auto               ;
; SDC constraint protection                                                  ; Off                ; Off                ;
; Synthesis Effort                                                           ; Auto               ; Auto               ;
; Shift Register Replacement - Allow Asynchronous Clear Signal               ; On                 ; On                 ;
; Analysis & Synthesis Message Level                                         ; Medium             ; Medium             ;
; Disable Register Merging Across Hierarchies                                ; Auto               ; Auto               ;
; Resource Aware Inference For Block RAM                                     ; On                 ; On                 ;
; Synthesis Seed                                                             ; 1                  ; 1                  ;
+----------------------------------------------------------------------------+--------------------+--------------------+


+------------------------------------------+
; Parallel Compilation                     ;
+----------------------------+-------------+
; Processors                 ; Number      ;
+----------------------------+-------------+
; Number detected on machine ; 4           ;
; Maximum allowed            ; 4           ;
;                            ;             ;
; Average used               ; 1.00        ;
; Maximum used               ; 1           ;
;                            ;             ;
; Usage by Processor         ; % Time Used ;
;     1 processor            ; 100.0%      ;
;     2-4 processors         ;   0.0%      ;
+----------------------------+-------------+


+--------------------------------------------------------------------------------------------------------------------------------------------------------------------------------+
; Analysis & Synthesis Source Files Read                                                                                                                                         ;
+----------------------------------+-----------------+------------------------+--------------------------------------------------------------------------------------------------+
; File Name with User-Entered Path ; Used in Netlist ; File Type              ; File Name with Absolute Path                                                                     ;
+----------------------------------+-----------------+------------------------+--------------------------------------------------------------------------------------------------+
; readID.v                         ; yes             ; User Verilog HDL File  ; C:/Users/albert/Google Drive/Coding_zone/Verilog/Quartus_workspace/Nand_flash_v1/readID/readID.v ;
; ../toggle/toggle.v               ; yes             ; User Verilog HDL File  ; C:/Users/albert/Google Drive/Coding_zone/Verilog/Quartus_workspace/Nand_flash_v1/toggle/toggle.v ;
+----------------------------------+-----------------+------------------------+--------------------------------------------------------------------------------------------------+


+-----------------------------------------------------+
; Analysis & Synthesis Resource Usage Summary         ;
+---------------------------------------------+-------+
; Resource                                    ; Usage ;
+---------------------------------------------+-------+
; Estimated Total logic elements              ; 92    ;
;                                             ;       ;
; Total combinational functions               ; 90    ;
; Logic element usage by number of LUT inputs ;       ;
;     -- 4 input functions                    ; 36    ;
;     -- 3 input functions                    ; 23    ;
;     -- <=2 input functions                  ; 31    ;
;                                             ;       ;
; Logic elements by mode                      ;       ;
;     -- normal mode                          ; 79    ;
;     -- arithmetic mode                      ; 11    ;
;                                             ;       ;
; Total registers                             ; 30    ;
;     -- Dedicated logic registers            ; 30    ;
;     -- I/O registers                        ; 0     ;
;                                             ;       ;
; I/O pins                                    ; 38    ;
; Maximum fan-out node                        ; clk   ;
; Maximum fan-out                             ; 30    ;
; Total fan-out                               ; 387   ;
; Average fan-out                             ; 2.45  ;
+---------------------------------------------+-------+


+--------------------------------------------------------------------------------------------------------------------------------------------------------------------------------------------+
; Analysis & Synthesis Resource Utilization by Entity                                                                                                                                        ;
+----------------------------+-------------------+--------------+-------------+------------+--------------+---------+-----------+------+--------------+-----------------------+--------------+
; Compilation Hierarchy Node ; LC Combinationals ; LC Registers ; Memory Bits ; DSP Blocks ; DSP Elements ; DSP 9x9 ; DSP 18x18 ; Pins ; Virtual Pins ; Full Hierarchy Name   ; Library Name ;
+----------------------------+-------------------+--------------+-------------+------------+--------------+---------+-----------+------+--------------+-----------------------+--------------+
; |readID                    ; 90 (37)           ; 30 (9)       ; 0           ; 0          ; 0            ; 0       ; 0         ; 38   ; 0            ; |readID               ;              ;
;    |toggle:toggle|         ; 53 (53)           ; 21 (21)      ; 0           ; 0          ; 0            ; 0       ; 0         ; 0    ; 0            ; |readID|toggle:toggle ;              ;
+----------------------------+-------------------+--------------+-------------+------------+--------------+---------+-----------+------+--------------+-----------------------+--------------+
Note: For table entries with two numbers listed, the numbers in parentheses indicate the number of resources of the given type used by the specific entity alone. The numbers listed outside of parentheses indicate the total resources of the given type used by the specific entity and all of its sub-entities in the hierarchy.


Encoding Type:  One-Hot
+--------------------------------------------------------------------------------------------------------------+
; State Machine - |readID|state_reg                                                                            ;
+----------------------+----------------------+----------------------+------------------+----------------------+
; Name                 ; state_reg.readIDfour ; state_reg.readIDaddr ; state_reg.readID ; state_reg.readIDwait ;
+----------------------+----------------------+----------------------+------------------+----------------------+
; state_reg.readIDwait ; 0                    ; 0                    ; 0                ; 0                    ;
; state_reg.readID     ; 0                    ; 0                    ; 1                ; 1                    ;
; state_reg.readIDaddr ; 0                    ; 1                    ; 0                ; 1                    ;
; state_reg.readIDfour ; 1                    ; 0                    ; 0                ; 1                    ;
+----------------------+----------------------+----------------------+------------------+----------------------+


Encoding Type:  One-Hot
+------------------------------------------------------------------------------------------------------------+
; State Machine - |readID|toggle:toggle|state_reg                                                            ;
+----------------------+----------------------+-------------------+-------------------+----------------------+
; Name                 ; state_reg.toggleDONE ; state_reg.toggle2 ; state_reg.toggle1 ; state_reg.toggleWAIT ;
+----------------------+----------------------+-------------------+-------------------+----------------------+
; state_reg.toggleWAIT ; 0                    ; 0                 ; 0                 ; 0                    ;
; state_reg.toggle1    ; 0                    ; 0                 ; 1                 ; 1                    ;
; state_reg.toggle2    ; 0                    ; 1                 ; 0                 ; 1                    ;
; state_reg.toggleDONE ; 1                    ; 0                 ; 0                 ; 1                    ;
+----------------------+----------------------+-------------------+-------------------+----------------------+


+----------------------------------------------------------------------------------------------------+
; User-Specified and Inferred Latches                                                                ;
+-----------------------------------------------------+---------------------+------------------------+
; Latch Name                                          ; Latch Enable Signal ; Free of Timing Hazards ;
+-----------------------------------------------------+---------------------+------------------------+
; IDread_done$latch                                   ; Selector24          ; yes                    ;
; output_data[4]$latch                                ; Selector27          ; yes                    ;
; output_data[7]$latch                                ; Selector27          ; yes                    ;
; DevID[0]                                            ; Selector23          ; yes                    ;
; DevID[1]                                            ; Selector23          ; yes                    ;
; DevID[2]                                            ; Selector23          ; yes                    ;
; DevID[3]                                            ; Selector23          ; yes                    ;
; DevID[4]                                            ; Selector23          ; yes                    ;
; DevID[5]                                            ; Selector23          ; yes                    ;
; DevID[6]                                            ; Selector23          ; yes                    ;
; DevID[7]                                            ; Selector23          ; yes                    ;
; IDread_cnt_next[0]                                  ; Selector23          ; yes                    ;
; IDread_cnt_next[1]                                  ; Selector23          ; yes                    ;
; toggle_enable_next                                  ; Selector27          ; yes                    ;
; Number of user-specified and inferred latches = 14  ;                     ;                        ;
+-----------------------------------------------------+---------------------+------------------------+
Note: All latches listed above may not be present at the end of synthesis due to various synthesis optimizations.


+---------------------------------------------------------------------------------+
; Registers Removed During Synthesis                                              ;
+----------------------------------------+----------------------------------------+
; Register name                          ; Reason for Removal                     ;
+----------------------------------------+----------------------------------------+
; outputVEC1[2..3]                       ; Stuck at GND due to stuck port data_in ;
; outputVEC2[0]                          ; Stuck at GND due to stuck port data_in ;
; outputUPTO[1,3..11]                    ; Stuck at GND due to stuck port data_in ;
; outputUPTO[0]                          ; Merged with outputVEC1[4]              ;
; outputVEC1[1]                          ; Merged with outputVEC1[4]              ;
; outputVEC2[3..4]                       ; Merged with outputVEC1[4]              ;
; outputUPTO[2]                          ; Merged with outputVEC1[0]              ;
; state_reg~4                            ; Lost fanout                            ;
; state_reg~5                            ; Lost fanout                            ;
; state_reg~6                            ; Lost fanout                            ;
; state_reg~7                            ; Lost fanout                            ;
; toggle:toggle|state_reg~4              ; Lost fanout                            ;
; toggle:toggle|state_reg~5              ; Lost fanout                            ;
; outputVEC2[2]                          ; Merged with state_reg.readIDaddr       ;
; state_reg.readIDfour                   ; Merged with outputVEC1[0]              ;
; Total Number of Removed Registers = 26 ;                                        ;
+----------------------------------------+----------------------------------------+


+------------------------------------------------------+
; General Register Statistics                          ;
+----------------------------------------------+-------+
; Statistic                                    ; Value ;
+----------------------------------------------+-------+
; Total registers                              ; 30    ;
; Number of registers using Synchronous Clear  ; 0     ;
; Number of registers using Synchronous Load   ; 0     ;
; Number of registers using Asynchronous Clear ; 28    ;
; Number of registers using Asynchronous Load  ; 0     ;
; Number of registers using Clock Enable       ; 4     ;
; Number of registers using Preset             ; 0     ;
+----------------------------------------------+-------+


+---------------------------------------------------------------------------------------------------------------------------------------------------+
; Multiplexer Restructuring Statistics (Restructuring Performed)                                                                                    ;
+--------------------+-----------+---------------+----------------------+------------------------+------------+-------------------------------------+
; Multiplexer Inputs ; Bus Width ; Baseline Area ; Area if Restructured ; Saving if Restructured ; Registered ; Example Multiplexer Output          ;
+--------------------+-----------+---------------+----------------------+------------------------+------------+-------------------------------------+
; 3:1                ; 4 bits    ; 8 LEs         ; 4 LEs                ; 4 LEs                  ; No         ; |readID|toggle:toggle|delayCNT_next ;
; 8:1                ; 2 bits    ; 10 LEs        ; 4 LEs                ; 6 LEs                  ; No         ; |readID|toggle:toggle|Selector5     ;
; 8:1                ; 2 bits    ; 10 LEs        ; 4 LEs                ; 6 LEs                  ; No         ; |readID|toggle:toggle|Selector6     ;
+--------------------+-----------+---------------+----------------------+------------------------+------------+-------------------------------------+


+-------------------------------+
; Analysis & Synthesis Messages ;
+-------------------------------+
Info: *******************************************************************
Info: Running Quartus II Analysis & Synthesis
    Info: Version 10.0 Build 218 06/27/2010 SJ Full Version
    Info: Processing started: Sun Jul 29 00:59:58 2012
Info: Command: quartus_map --read_settings_files=on --write_settings_files=off readID -c readID
Info: Parallel compilation is enabled and will use 4 of the 4 processors detected
Info: Found 1 design units, including 1 entities, in source file readid_tb.v
    Info: Found entity 1: readID_tb
Info: Found 1 design units, including 1 entities, in source file readid.v
    Info: Found entity 1: readID
Info: Found 1 design units, including 1 entities, in source file /users/albert/google drive/coding_zone/verilog/quartus_workspace/nand_flash_v1/toggle/toggle.v
    Info: Found entity 1: toggle
Info: Elaborating entity "readID" for the top level hierarchy
Warning (10230): Verilog HDL assignment warning at readID.v(194): truncated value with size 32 to match size of target (2)
Warning (10240): Verilog HDL Always Construct warning at readID.v(104): inferring latch(es) for variable "toggle_enable_next", which holds its previous value in one or more paths through the always construct
Warning (10240): Verilog HDL Always Construct warning at readID.v(104): inferring latch(es) for variable "output_data", which holds its previous value in one or more paths through the always construct
Warning (10240): Verilog HDL Always Construct warning at readID.v(104): inferring latch(es) for variable "IDread_cnt_next", which holds its previous value in one or more paths through the always construct
Warning (10240): Verilog HDL Always Construct warning at readID.v(104): inferring latch(es) for variable "IDread_done", which holds its previous value in one or more paths through the always construct
Warning (10240): Verilog HDL Always Construct warning at readID.v(104): inferring latch(es) for variable "DevID", which holds its previous value in one or more paths through the always construct
Warning (10230): Verilog HDL assignment warning at readID.v(212): truncated value with size 4 to match size of target (2)
Info (10041): Inferred latch for "DevID[0]" at readID.v(104)
Info (10041): Inferred latch for "DevID[1]" at readID.v(104)
Info (10041): Inferred latch for "DevID[2]" at readID.v(104)
Info (10041): Inferred latch for "DevID[3]" at readID.v(104)
Info (10041): Inferred latch for "DevID[4]" at readID.v(104)
Info (10041): Inferred latch for "DevID[5]" at readID.v(104)
Info (10041): Inferred latch for "DevID[6]" at readID.v(104)
Info (10041): Inferred latch for "DevID[7]" at readID.v(104)
Info (10041): Inferred latch for "IDread_done" at readID.v(104)
Info (10041): Inferred latch for "IDread_cnt_next[0]" at readID.v(104)
Info (10041): Inferred latch for "IDread_cnt_next[1]" at readID.v(104)
Info (10041): Inferred latch for "output_data[0]" at readID.v(104)
Info (10041): Inferred latch for "output_data[1]" at readID.v(104)
Info (10041): Inferred latch for "output_data[2]" at readID.v(104)
Info (10041): Inferred latch for "output_data[3]" at readID.v(104)
Info (10041): Inferred latch for "output_data[4]" at readID.v(104)
Info (10041): Inferred latch for "output_data[5]" at readID.v(104)
Info (10041): Inferred latch for "output_data[6]" at readID.v(104)
Info (10041): Inferred latch for "output_data[7]" at readID.v(104)
Info (10041): Inferred latch for "toggle_enable_next" at readID.v(104)
Info: Elaborating entity "toggle" for hierarchy "toggle:toggle"
Info: Duplicate LATCH primitives merged into single LATCH primitive
    Info: Duplicate LATCH primitive "output_data[7]$latch" merged with LATCH primitive "output_data[4]$latch"
Warning: Latch IDread_done$latch has unsafe behavior
    Warning: Ports D and ENA on the latch are fed by the same signal outputVEC1[0]
Warning: Latch output_data[4]$latch has unsafe behavior
    Warning: Ports D and ENA on the latch are fed by the same signal toggle:toggle|toggleDone_reg
Warning: Latch DevID[0] has unsafe behavior
    Warning: Ports D and ENA on the latch are fed by the same signal outputVEC1[0]
Warning: Latch DevID[1] has unsafe behavior
    Warning: Ports D and ENA on the latch are fed by the same signal outputVEC1[0]
Warning: Latch DevID[2] has unsafe behavior
    Warning: Ports D and ENA on the latch are fed by the same signal outputVEC1[0]
Warning: Latch DevID[3] has unsafe behavior
    Warning: Ports D and ENA on the latch are fed by the same signal outputVEC1[0]
Warning: Latch DevID[4] has unsafe behavior
    Warning: Ports D and ENA on the latch are fed by the same signal outputVEC1[0]
Warning: Latch DevID[5] has unsafe behavior
    Warning: Ports D and ENA on the latch are fed by the same signal outputVEC1[0]
Warning: Latch DevID[6] has unsafe behavior
    Warning: Ports D and ENA on the latch are fed by the same signal outputVEC1[0]
Warning: Latch DevID[7] has unsafe behavior
    Warning: Ports D and ENA on the latch are fed by the same signal outputVEC1[0]
Warning: Latch IDread_cnt_next[0] has unsafe behavior
    Warning: Ports D and ENA on the latch are fed by the same signal outputVEC1[0]
Warning: Latch IDread_cnt_next[1] has unsafe behavior
    Warning: Ports D and ENA on the latch are fed by the same signal outputVEC1[0]
Warning: Latch toggle_enable_next has unsafe behavior
    Warning: Ports D and ENA on the latch are fed by the same signal toggle:toggle|toggleDone_reg
Warning: Output pins are stuck at VCC or GND
    Warning (13410): Pin "output_data[0]" is stuck at GND
    Warning (13410): Pin "output_data[1]" is stuck at GND
    Warning (13410): Pin "output_data[2]" is stuck at GND
    Warning (13410): Pin "output_data[3]" is stuck at GND
    Warning (13410): Pin "output_data[5]" is stuck at GND
    Warning (13410): Pin "output_data[6]" is stuck at GND
Info: 6 registers lost all their fanouts during netlist optimizations. The first 6 are displayed below.
    Info: Register "state_reg~4" lost all its fanouts during netlist optimizations.
    Info: Register "state_reg~5" lost all its fanouts during netlist optimizations.
    Info: Register "state_reg~6" lost all its fanouts during netlist optimizations.
    Info: Register "state_reg~7" lost all its fanouts during netlist optimizations.
    Info: Register "toggle:toggle|state_reg~4" lost all its fanouts during netlist optimizations.
    Info: Register "toggle:toggle|state_reg~5" lost all its fanouts during netlist optimizations.
Info: Generating hard_block partition "hard_block:auto_generated_inst"
Info: Implemented 134 device resources after synthesis - the final resource count might be different
    Info: Implemented 10 input pins
    Info: Implemented 28 output pins
    Info: Implemented 96 logic cells
Info: Quartus II Analysis & Synthesis was successful. 0 errors, 40 warnings
    Info: Peak virtual memory: 263 megabytes
    Info: Processing ended: Sun Jul 29 00:59:59 2012
    Info: Elapsed time: 00:00:01
    Info: Total CPU time (on all processors): 00:00:01


