Flow report for readID
Sun Jul 29 01:00:12 2012
Quartus II Version 10.0 Build 218 06/27/2010 SJ Full Version


---------------------
; Table of Contents ;
---------------------
  1. Legal Notice
  2. Flow Summary
  3. Flow Settings
  4. Flow Non-Default Global Settings
  5. Flow Elapsed Time
  6. Flow OS Summary
  7. Flow Log



----------------
; Legal Notice ;
----------------
Copyright (C) 1991-2010 Altera Corporation
Your use of Altera Corporation's design tools, logic functions 
and other software and tools, and its AMPP partner logic 
functions, and any output files from any of the foregoing 
(including device programming or simulation files), and any 
associated documentation or information are expressly subject 
to the terms and conditions of the Altera Program License 
Subscription Agreement, Altera MegaCore Function License 
Agreement, or other applicable license agreement, including, 
without limitation, that your use is for the sole purpose of 
programming logic devices manufactured by Altera and sold by 
Altera or its authorized distributors.  Please refer to the 
applicable agreement for further details.



+--------------------------------------------------------------------------------+
; Flow Summary                                                                   ;
+------------------------------------+-------------------------------------------+
; Flow Status                        ; Successful - Sun Jul 29 01:00:12 2012     ;
; Quartus II Version                 ; 10.0 Build 218 06/27/2010 SJ Full Version ;
; Revision Name                      ; readID                                    ;
; Top-level Entity Name              ; readID                                    ;
; Family                             ; Cyclone II                                ;
; Device                             ; EP2C35F672C6                              ;
; Timing Models                      ; Final                                     ;
; Met timing requirements            ; No                                        ;
; Total logic elements               ; 90 / 33,216 ( < 1 % )                     ;
;     Total combinational functions  ; 90 / 33,216 ( < 1 % )                     ;
;     Dedicated logic registers      ; 30 / 33,216 ( < 1 % )                     ;
; Total registers                    ; 30                                        ;
; Total pins                         ; 38 / 475 ( 8 % )                          ;
; Total virtual pins                 ; 0                                         ;
; Total memory bits                  ; 0 / 483,840 ( 0 % )                       ;
; Embedded Multiplier 9-bit elements ; 0 / 70 ( 0 % )                            ;
; Total PLLs                         ; 0 / 4 ( 0 % )                             ;
+------------------------------------+-------------------------------------------+


+-----------------------------------------+
; Flow Settings                           ;
+-------------------+---------------------+
; Option            ; Setting             ;
+-------------------+---------------------+
; Start date & time ; 07/29/2012 00:59:58 ;
; Main task         ; Compilation         ;
; Revision Name     ; readID              ;
+-------------------+---------------------+


+-----------------------------------------------------------------------------------------------------------------------------+
; Flow Non-Default Global Settings                                                                                            ;
+--------------------------------------+---------------------------------------+---------------+-------------+----------------+
; Assignment Name                      ; Value                                 ; Default Value ; Entity Name ; Section Id     ;
+--------------------------------------+---------------------------------------+---------------+-------------+----------------+
; COMPILER_SIGNATURE_ID                ; 119779278860477.134353799815784       ; --            ; --          ; --             ;
; EDA_DESIGN_INSTANCE_NAME             ; NA                                    ; --            ; --          ; readID_tb      ;
; EDA_NATIVELINK_SIMULATION_TEST_BENCH ; readID_tb                             ; --            ; --          ; eda_simulation ;
; EDA_OUTPUT_DATA_FORMAT               ; Verilog Hdl                           ; --            ; --          ; eda_simulation ;
; EDA_SIMULATION_TOOL                  ; ModelSim-Altera (Verilog)             ; <None>        ; --          ; --             ;
; EDA_TEST_BENCH_ENABLE_STATUS         ; TEST_BENCH_MODE                       ; --            ; --          ; eda_simulation ;
; EDA_TEST_BENCH_FILE                  ; readID_tb.v                           ; --            ; --          ; readID_tb      ;
; EDA_TEST_BENCH_MODULE_NAME           ; readID_tb                             ; --            ; --          ; readID_tb      ;
; EDA_TEST_BENCH_NAME                  ; readID_tb                             ; --            ; --          ; eda_simulation ;
; EDA_TIME_SCALE                       ; 1 ps                                  ; --            ; --          ; eda_simulation ;
; MAX_CORE_JUNCTION_TEMP               ; 85                                    ; --            ; --          ; --             ;
; MIN_CORE_JUNCTION_TEMP               ; 0                                     ; --            ; --          ; --             ;
; PARTITION_COLOR                      ; 16764057                              ; --            ; --          ; Top            ;
; PARTITION_FITTER_PRESERVATION_LEVEL  ; PLACEMENT_AND_ROUTING                 ; --            ; --          ; Top            ;
; PARTITION_NETLIST_TYPE               ; SOURCE                                ; --            ; --          ; Top            ;
; POWER_BOARD_THERMAL_MODEL            ; None (CONSERVATIVE)                   ; --            ; --          ; --             ;
; POWER_PRESET_COOLING_SOLUTION        ; 23 MM HEAT SINK WITH 200 LFPM AIRFLOW ; --            ; --          ; --             ;
+--------------------------------------+---------------------------------------+---------------+-------------+----------------+


+-----------------------------------------------------------------------------------------------------------------------------+
; Flow Elapsed Time                                                                                                           ;
+-------------------------+--------------+-------------------------+---------------------+------------------------------------+
; Module Name             ; Elapsed Time ; Average Processors Used ; Peak Virtual Memory ; Total CPU Time (on all processors) ;
+-------------------------+--------------+-------------------------+---------------------+------------------------------------+
; Analysis & Synthesis    ; 00:00:01     ; 1.0                     ; 263 MB              ; 00:00:01                           ;
; Fitter                  ; 00:00:06     ; 2.2                     ; 361 MB              ; 00:00:09                           ;
; Assembler               ; 00:00:02     ; 1.0                     ; 304 MB              ; 00:00:02                           ;
; Classic Timing Analyzer ; 00:00:01     ; 1.0                     ; 211 MB              ; 00:00:01                           ;
; EDA Netlist Writer      ; 00:00:00     ; 1.0                     ; 223 MB              ; 00:00:01                           ;
; Total                   ; 00:00:10     ; --                      ; --                  ; 00:00:14                           ;
+-------------------------+--------------+-------------------------+---------------------+------------------------------------+


+------------------------------------------------------------------------------------------+
; Flow OS Summary                                                                          ;
+-------------------------+------------------+---------------+------------+----------------+
; Module Name             ; Machine Hostname ; OS Name       ; OS Version ; Processor type ;
+-------------------------+------------------+---------------+------------+----------------+
; Analysis & Synthesis    ; albert-PC        ; Windows Vista ; 6.1        ; x86_64         ;
; Fitter                  ; albert-PC        ; Windows Vista ; 6.1        ; x86_64         ;
; Assembler               ; albert-PC        ; Windows Vista ; 6.1        ; x86_64         ;
; Classic Timing Analyzer ; albert-PC        ; Windows Vista ; 6.1        ; x86_64         ;
; EDA Netlist Writer      ; albert-PC        ; Windows Vista ; 6.1        ; x86_64         ;
+-------------------------+------------------+---------------+------------+----------------+


------------
; Flow Log ;
------------
quartus_map --read_settings_files=on --write_settings_files=off readID -c readID
quartus_fit --read_settings_files=off --write_settings_files=off readID -c readID
quartus_asm --read_settings_files=off --write_settings_files=off readID -c readID
quartus_tan --read_settings_files=off --write_settings_files=off readID -c readID --timing_analysis_only
quartus_eda --read_settings_files=off --write_settings_files=off readID -c readID



