Flow report for Array_Multiplier
Tue Feb 14 22:42:53 2012
Quartus II 32-bit Version 11.1 Build 216 11/23/2011 Service Pack 1 SJ Web Edition


---------------------
; Table of Contents ;
---------------------
  1. Legal Notice
  2. Flow Summary
  3. Flow Settings
  4. Flow Non-Default Global Settings
  5. Flow Elapsed Time
  6. Flow OS Summary
  7. Flow Log



----------------
; Legal Notice ;
----------------
Copyright (C) 1991-2011 Altera Corporation
Your use of Altera Corporation's design tools, logic functions 
and other software and tools, and its AMPP partner logic 
functions, and any output files from any of the foregoing 
(including device programming or simulation files), and any 
associated documentation or information are expressly subject 
to the terms and conditions of the Altera Program License 
Subscription Agreement, Altera MegaCore Function License 
Agreement, or other applicable license agreement, including, 
without limitation, that your use is for the sole purpose of 
programming logic devices manufactured by Altera and sold by 
Altera or its authorized distributors.  Please refer to the 
applicable agreement for further details.



+------------------------------------------------------------------------------------+
; Flow Summary                                                                       ;
+------------------------------------+-----------------------------------------------+
; Flow Status                        ; Successful - Tue Feb 14 22:42:51 2012         ;
; Quartus II 32-bit Version          ; 11.1 Build 216 11/23/2011 SP 1 SJ Web Edition ;
; Revision Name                      ; Array_Multiplier                              ;
; Top-level Entity Name              ; Arrary_Mutiplier                              ;
; Family                             ; Cyclone II                                    ;
; Total logic elements               ; 1 / 4,608 ( < 1 % )                           ;
;     Total combinational functions  ; 1 / 4,608 ( < 1 % )                           ;
;     Dedicated logic registers      ; 0 / 4,608 ( 0 % )                             ;
; Total registers                    ; 0                                             ;
; Total pins                         ; 32 / 89 ( 36 % )                              ;
; Total virtual pins                 ; 0                                             ;
; Total memory bits                  ; 0 / 119,808 ( 0 % )                           ;
; Embedded Multiplier 9-bit elements ; 0 / 26 ( 0 % )                                ;
; Total PLLs                         ; 0 / 2 ( 0 % )                                 ;
; Device                             ; EP2C5T144C6                                   ;
; Timing Models                      ; Final                                         ;
+------------------------------------+-----------------------------------------------+


+-----------------------------------------+
; Flow Settings                           ;
+-------------------+---------------------+
; Option            ; Setting             ;
+-------------------+---------------------+
; Start date & time ; 02/14/2012 22:41:59 ;
; Main task         ; Compilation         ;
; Revision Name     ; Array_Multiplier    ;
+-------------------+---------------------+


+-----------------------------------------------------------------------------------------------------------------------+
; Flow Non-Default Global Settings                                                                                      ;
+-------------------------------------+------------------------------+------------------+------------------+------------+
; Assignment Name                     ; Value                        ; Default Value    ; Entity Name      ; Section Id ;
+-------------------------------------+------------------------------+------------------+------------------+------------+
; COMPILER_SIGNATURE_ID               ; 163614927220.132927731907148 ; --               ; --               ; --         ;
; PARTITION_COLOR                     ; 16764057                     ; --               ; Arrary_Mutiplier ; Top        ;
; PARTITION_FITTER_PRESERVATION_LEVEL ; PLACEMENT_AND_ROUTING        ; --               ; Arrary_Mutiplier ; Top        ;
; PARTITION_NETLIST_TYPE              ; SOURCE                       ; --               ; Arrary_Mutiplier ; Top        ;
; TOP_LEVEL_ENTITY                    ; Arrary_Mutiplier             ; Array_Multiplier ; --               ; --         ;
+-------------------------------------+------------------------------+------------------+------------------+------------+


+-------------------------------------------------------------------------------------------------------------------------------+
; Flow Elapsed Time                                                                                                             ;
+---------------------------+--------------+-------------------------+---------------------+------------------------------------+
; Module Name               ; Elapsed Time ; Average Processors Used ; Peak Virtual Memory ; Total CPU Time (on all processors) ;
+---------------------------+--------------+-------------------------+---------------------+------------------------------------+
; Analysis & Synthesis      ; 00:00:07     ; 1.0                     ; 291 MB              ; 00:00:01                           ;
; Fitter                    ; 00:00:05     ; 1.0                     ; 338 MB              ; 00:00:02                           ;
; Assembler                 ; 00:00:03     ; 1.0                     ; 274 MB              ; 00:00:01                           ;
; TimeQuest Timing Analyzer ; 00:00:10     ; 1.0                     ; 267 MB              ; 00:00:01                           ;
; Total                     ; 00:00:25     ; --                      ; --                  ; 00:00:05                           ;
+---------------------------+--------------+-------------------------+---------------------+------------------------------------+


+----------------------------------------------------------------------------------------+
; Flow OS Summary                                                                        ;
+---------------------------+------------------+-----------+------------+----------------+
; Module Name               ; Machine Hostname ; OS Name   ; OS Version ; Processor type ;
+---------------------------+------------------+-----------+------------+----------------+
; Analysis & Synthesis      ; albert-PC        ; Windows 7 ; 6.1        ; x86_64         ;
; Fitter                    ; albert-PC        ; Windows 7 ; 6.1        ; x86_64         ;
; Assembler                 ; albert-PC        ; Windows 7 ; 6.1        ; x86_64         ;
; TimeQuest Timing Analyzer ; albert-PC        ; Windows 7 ; 6.1        ; x86_64         ;
+---------------------------+------------------+-----------+------------+----------------+


------------
; Flow Log ;
------------
quartus_map --read_settings_files=on --write_settings_files=off Array_Multiplier -c Array_Multiplier
quartus_fit --read_settings_files=off --write_settings_files=off Array_Multiplier -c Array_Multiplier
quartus_asm --read_settings_files=off --write_settings_files=off Array_Multiplier -c Array_Multiplier
quartus_sta Array_Multiplier -c Array_Multiplier



