Flow report for toggle
Sat Jul 28 18:03:06 2012
Quartus II Version 10.0 Build 218 06/27/2010 SJ Full Version


---------------------
; Table of Contents ;
---------------------
  1. Legal Notice
  2. Flow Summary
  3. Flow Settings
  4. Flow Non-Default Global Settings
  5. Flow Elapsed Time
  6. Flow OS Summary
  7. Flow Log



----------------
; Legal Notice ;
----------------
Copyright (C) 1991-2010 Altera Corporation
Your use of Altera Corporation's design tools, logic functions 
and other software and tools, and its AMPP partner logic 
functions, and any output files from any of the foregoing 
(including device programming or simulation files), and any 
associated documentation or information are expressly subject 
to the terms and conditions of the Altera Program License 
Subscription Agreement, Altera MegaCore Function License 
Agreement, or other applicable license agreement, including, 
without limitation, that your use is for the sole purpose of 
programming logic devices manufactured by Altera and sold by 
Altera or its authorized distributors.  Please refer to the 
applicable agreement for further details.



+--------------------------------------------------------------------------------+
; Flow Summary                                                                   ;
+------------------------------------+-------------------------------------------+
; Flow Status                        ; Successful - Sat Jul 28 18:03:06 2012     ;
; Quartus II Version                 ; 10.0 Build 218 06/27/2010 SJ Full Version ;
; Revision Name                      ; toggle                                    ;
; Top-level Entity Name              ; toggle                                    ;
; Family                             ; Cyclone II                                ;
; Device                             ; EP2C35F672C7                              ;
; Timing Models                      ; Final                                     ;
; Met timing requirements            ; Yes                                       ;
; Total logic elements               ; 59 / 33,216 ( < 1 % )                     ;
;     Total combinational functions  ; 59 / 33,216 ( < 1 % )                     ;
;     Dedicated logic registers      ; 21 / 33,216 ( < 1 % )                     ;
; Total registers                    ; 21                                        ;
; Total pins                         ; 62 / 475 ( 13 % )                         ;
; Total virtual pins                 ; 0                                         ;
; Total memory bits                  ; 0 / 483,840 ( 0 % )                       ;
; Embedded Multiplier 9-bit elements ; 0 / 70 ( 0 % )                            ;
; Total PLLs                         ; 0 / 4 ( 0 % )                             ;
+------------------------------------+-------------------------------------------+


+-----------------------------------------+
; Flow Settings                           ;
+-------------------+---------------------+
; Option            ; Setting             ;
+-------------------+---------------------+
; Start date & time ; 07/28/2012 18:02:52 ;
; Main task         ; Compilation         ;
; Revision Name     ; toggle              ;
+-------------------+---------------------+


+-----------------------------------------------------------------------------------------------------------------------------+
; Flow Non-Default Global Settings                                                                                            ;
+--------------------------------------+---------------------------------------+---------------+-------------+----------------+
; Assignment Name                      ; Value                                 ; Default Value ; Entity Name ; Section Id     ;
+--------------------------------------+---------------------------------------+---------------+-------------+----------------+
; COMPILER_SIGNATURE_ID                ; 119779278860477.134351297236788       ; --            ; --          ; --             ;
; EDA_DESIGN_INSTANCE_NAME             ; NA                                    ; --            ; --          ; my_toggle_tb   ;
; EDA_NATIVELINK_SIMULATION_TEST_BENCH ; my_toggle_tb                          ; --            ; --          ; eda_simulation ;
; EDA_OUTPUT_DATA_FORMAT               ; Verilog Hdl                           ; --            ; --          ; eda_simulation ;
; EDA_SIMULATION_TOOL                  ; ModelSim-Altera (Verilog)             ; <None>        ; --          ; --             ;
; EDA_TEST_BENCH_ENABLE_STATUS         ; TEST_BENCH_MODE                       ; --            ; --          ; eda_simulation ;
; EDA_TEST_BENCH_FILE                  ; my_toggle_tb.v                        ; --            ; --          ; my_toggle_tb   ;
; EDA_TEST_BENCH_MODULE_NAME           ; my_toggle_tb                          ; --            ; --          ; my_toggle_tb   ;
; EDA_TEST_BENCH_NAME                  ; my_toggle_tb                          ; --            ; --          ; eda_simulation ;
; EDA_TIME_SCALE                       ; 1 ps                                  ; --            ; --          ; eda_simulation ;
; MAX_CORE_JUNCTION_TEMP               ; 85                                    ; --            ; --          ; --             ;
; MIN_CORE_JUNCTION_TEMP               ; 0                                     ; --            ; --          ; --             ;
; PARTITION_COLOR                      ; 16764057                              ; --            ; --          ; Top            ;
; PARTITION_FITTER_PRESERVATION_LEVEL  ; PLACEMENT_AND_ROUTING                 ; --            ; --          ; Top            ;
; PARTITION_NETLIST_TYPE               ; SOURCE                                ; --            ; --          ; Top            ;
; POWER_BOARD_THERMAL_MODEL            ; None (CONSERVATIVE)                   ; --            ; --          ; --             ;
; POWER_PRESET_COOLING_SOLUTION        ; 23 MM HEAT SINK WITH 200 LFPM AIRFLOW ; --            ; --          ; --             ;
+--------------------------------------+---------------------------------------+---------------+-------------+----------------+


+-----------------------------------------------------------------------------------------------------------------------------+
; Flow Elapsed Time                                                                                                           ;
+-------------------------+--------------+-------------------------+---------------------+------------------------------------+
; Module Name             ; Elapsed Time ; Average Processors Used ; Peak Virtual Memory ; Total CPU Time (on all processors) ;
+-------------------------+--------------+-------------------------+---------------------+------------------------------------+
; Analysis & Synthesis    ; 00:00:01     ; 1.0                     ; 263 MB              ; 00:00:01                           ;
; Fitter                  ; 00:00:05     ; 1.0                     ; 359 MB              ; 00:00:08                           ;
; Assembler               ; 00:00:02     ; 1.0                     ; 304 MB              ; 00:00:02                           ;
; Classic Timing Analyzer ; 00:00:00     ; 1.0                     ; 209 MB              ; 00:00:00                           ;
; EDA Netlist Writer      ; 00:00:01     ; 1.0                     ; 223 MB              ; 00:00:01                           ;
; Total                   ; 00:00:09     ; --                      ; --                  ; 00:00:12                           ;
+-------------------------+--------------+-------------------------+---------------------+------------------------------------+


+------------------------------------------------------------------------------------------+
; Flow OS Summary                                                                          ;
+-------------------------+------------------+---------------+------------+----------------+
; Module Name             ; Machine Hostname ; OS Name       ; OS Version ; Processor type ;
+-------------------------+------------------+---------------+------------+----------------+
; Analysis & Synthesis    ; albert-PC        ; Windows Vista ; 6.1        ; x86_64         ;
; Fitter                  ; albert-PC        ; Windows Vista ; 6.1        ; x86_64         ;
; Assembler               ; albert-PC        ; Windows Vista ; 6.1        ; x86_64         ;
; Classic Timing Analyzer ; albert-PC        ; Windows Vista ; 6.1        ; x86_64         ;
; EDA Netlist Writer      ; albert-PC        ; Windows Vista ; 6.1        ; x86_64         ;
+-------------------------+------------------+---------------+------------+----------------+


------------
; Flow Log ;
------------
quartus_map --read_settings_files=on --write_settings_files=off toggle -c toggle
quartus_fit --read_settings_files=off --write_settings_files=off toggle -c toggle
quartus_asm --read_settings_files=off --write_settings_files=off toggle -c toggle
quartus_tan --read_settings_files=off --write_settings_files=off toggle -c toggle --timing_analysis_only
quartus_eda --read_settings_files=off --write_settings_files=off toggle -c toggle



