TimeQuest Timing Analyzer report for pll
Thu May 03 00:43:22 2012
Quartus II Version 11.0 Build 157 04/27/2011 SJ Full Version


---------------------
; Table of Contents ;
---------------------
  1. Legal Notice
  2. TimeQuest Timing Analyzer Summary
  3. Parallel Compilation
  4. SDC File List
  5. Clocks
  6. Slow Model Fmax Summary
  7. Slow Model Setup Summary
  8. Slow Model Hold Summary
  9. Slow Model Recovery Summary
 10. Slow Model Removal Summary
 11. Slow Model Minimum Pulse Width Summary
 12. Slow Model Minimum Pulse Width: 'inclk0'
 13. Clock to Output Times
 14. Minimum Clock to Output Times
 15. Fast Model Setup Summary
 16. Fast Model Hold Summary
 17. Fast Model Recovery Summary
 18. Fast Model Removal Summary
 19. Fast Model Minimum Pulse Width Summary
 20. Fast Model Minimum Pulse Width: 'inclk0'
 21. Clock to Output Times
 22. Minimum Clock to Output Times
 23. Multicorner Timing Analysis Summary
 24. Clock to Output Times
 25. Minimum Clock to Output Times
 26. Clock Transfers
 27. Report TCCS
 28. Report RSKM
 29. Unconstrained Paths
 30. TimeQuest Timing Analyzer Messages



----------------
; Legal Notice ;
----------------
Copyright (C) 1991-2011 Altera Corporation
Your use of Altera Corporation's design tools, logic functions 
and other software and tools, and its AMPP partner logic 
functions, and any output files from any of the foregoing 
(including device programming or simulation files), and any 
associated documentation or information are expressly subject 
to the terms and conditions of the Altera Program License 
Subscription Agreement, Altera MegaCore Function License 
Agreement, or other applicable license agreement, including, 
without limitation, that your use is for the sole purpose of 
programming logic devices manufactured by Altera and sold by 
Altera or its authorized distributors.  Please refer to the 
applicable agreement for further details.



+------------------------------------------------------------------------+
; TimeQuest Timing Analyzer Summary                                      ;
+--------------------+---------------------------------------------------+
; Quartus II Version ; Version 11.0 Build 157 04/27/2011 SJ Full Version ;
; Revision Name      ; pll                                               ;
; Device Family      ; Cyclone II                                        ;
; Device Name        ; EP2C35F672C6                                      ;
; Timing Models      ; Final                                             ;
; Delay Model        ; Combined                                          ;
; Rise/Fall Delays   ; Unavailable                                       ;
+--------------------+---------------------------------------------------+


+------------------------------------------+
; Parallel Compilation                     ;
+----------------------------+-------------+
; Processors                 ; Number      ;
+----------------------------+-------------+
; Number detected on machine ; 4           ;
; Maximum allowed            ; 4           ;
;                            ;             ;
; Average used               ; 1.00        ;
; Maximum used               ; 4           ;
;                            ;             ;
; Usage by Processor         ; % Time Used ;
;     1 processor            ; 100.0%      ;
;     2-4 processors         ; < 0.1%      ;
+----------------------------+-------------+


+---------------------------------------------------+
; SDC File List                                     ;
+---------------+--------+--------------------------+
; SDC File Path ; Status ; Read at                  ;
+---------------+--------+--------------------------+
; pll.sdc       ; OK     ; Thu May 03 00:43:21 2012 ;
+---------------+--------+--------------------------+


+--------------------------------------------------------------------------------------------------------------------------------------------------------------------------------------------------------------------------------------------------------+
; Clocks                                                                                                                                                                                                                                                 ;
+-------------------------------+-----------+--------+-----------+-------+--------+------------+-----------+-------------+-------+--------+-----------+------------+----------+--------+-------------------------------+---------------------------------+
; Clock Name                    ; Type      ; Period ; Frequency ; Rise  ; Fall   ; Duty Cycle ; Divide by ; Multiply by ; Phase ; Offset ; Edge List ; Edge Shift ; Inverted ; Master ; Source                        ; Targets                         ;
+-------------------------------+-----------+--------+-----------+-------+--------+------------+-----------+-------------+-------+--------+-----------+------------+----------+--------+-------------------------------+---------------------------------+
; altpll:altpll_component|_clk0 ; Generated ; 5.000  ; 200.0 MHz ; 0.000 ; 2.500  ; 50.00      ; 1         ; 4           ;       ;        ;           ;            ; false    ; inclk0 ; altpll_component|pll|inclk[0] ; { altpll_component|pll|clk[0] } ;
; inclk0                        ; Base      ; 20.000 ; 50.0 MHz  ; 0.000 ; 10.000 ;            ;           ;             ;       ;        ;           ;            ;          ;        ;                               ; { inclk0 }                      ;
+-------------------------------+-----------+--------+-----------+-------+--------+------------+-----------+-------------+-------+--------+-----------+------------+----------+--------+-------------------------------+---------------------------------+


---------------------------
; Slow Model Fmax Summary ;
---------------------------
No paths to report.


----------------------------
; Slow Model Setup Summary ;
----------------------------
No paths to report.


---------------------------
; Slow Model Hold Summary ;
---------------------------
No paths to report.


-------------------------------
; Slow Model Recovery Summary ;
-------------------------------
No paths to report.


------------------------------
; Slow Model Removal Summary ;
------------------------------
No paths to report.


+----------------------------------------+
; Slow Model Minimum Pulse Width Summary ;
+--------+--------+----------------------+
; Clock  ; Slack  ; End Point TNS        ;
+--------+--------+----------------------+
; inclk0 ; 10.000 ; 0.000                ;
+--------+--------+----------------------+


+-----------------------------------------------------------------------------------------------------------------+
; Slow Model Minimum Pulse Width: 'inclk0'                                                                        ;
+--------+--------------+----------------+------------------+--------+------------+-------------------------------+
; Slack  ; Actual Width ; Required Width ; Type             ; Clock  ; Clock Edge ; Target                        ;
+--------+--------------+----------------+------------------+--------+------------+-------------------------------+
; 10.000 ; 10.000       ; 0.000          ; High Pulse Width ; inclk0 ; Rise       ; altpll_component|pll|clk[0]   ;
; 10.000 ; 10.000       ; 0.000          ; Low Pulse Width  ; inclk0 ; Rise       ; altpll_component|pll|clk[0]   ;
; 10.000 ; 10.000       ; 0.000          ; High Pulse Width ; inclk0 ; Rise       ; altpll_component|pll|inclk[0] ;
; 10.000 ; 10.000       ; 0.000          ; Low Pulse Width  ; inclk0 ; Rise       ; altpll_component|pll|inclk[0] ;
; 10.000 ; 10.000       ; 0.000          ; High Pulse Width ; inclk0 ; Rise       ; inclk0|combout                ;
; 10.000 ; 10.000       ; 0.000          ; Low Pulse Width  ; inclk0 ; Rise       ; inclk0|combout                ;
; 17.620 ; 20.000       ; 2.380          ; Port Rate        ; inclk0 ; Rise       ; inclk0                        ;
+--------+--------------+----------------+------------------+--------+------------+-------------------------------+


+-------------------------------------------------------------------------------------+
; Clock to Output Times                                                               ;
+-----------+------------+-------+-------+------------+-------------------------------+
; Data Port ; Clock Port ; Rise  ; Fall  ; Clock Edge ; Clock Reference               ;
+-----------+------------+-------+-------+------------+-------------------------------+
; c0        ; inclk0     ; 0.868 ;       ; Rise       ; altpll:altpll_component|_clk0 ;
; c0        ; inclk0     ;       ; 0.868 ; Fall       ; altpll:altpll_component|_clk0 ;
+-----------+------------+-------+-------+------------+-------------------------------+


+-------------------------------------------------------------------------------------+
; Minimum Clock to Output Times                                                       ;
+-----------+------------+-------+-------+------------+-------------------------------+
; Data Port ; Clock Port ; Rise  ; Fall  ; Clock Edge ; Clock Reference               ;
+-----------+------------+-------+-------+------------+-------------------------------+
; c0        ; inclk0     ; 0.868 ;       ; Rise       ; altpll:altpll_component|_clk0 ;
; c0        ; inclk0     ;       ; 0.868 ; Fall       ; altpll:altpll_component|_clk0 ;
+-----------+------------+-------+-------+------------+-------------------------------+


----------------------------
; Fast Model Setup Summary ;
----------------------------
No paths to report.


---------------------------
; Fast Model Hold Summary ;
---------------------------
No paths to report.


-------------------------------
; Fast Model Recovery Summary ;
-------------------------------
No paths to report.


------------------------------
; Fast Model Removal Summary ;
------------------------------
No paths to report.


+----------------------------------------+
; Fast Model Minimum Pulse Width Summary ;
+--------+--------+----------------------+
; Clock  ; Slack  ; End Point TNS        ;
+--------+--------+----------------------+
; inclk0 ; 10.000 ; 0.000                ;
+--------+--------+----------------------+


+-----------------------------------------------------------------------------------------------------------------+
; Fast Model Minimum Pulse Width: 'inclk0'                                                                        ;
+--------+--------------+----------------+------------------+--------+------------+-------------------------------+
; Slack  ; Actual Width ; Required Width ; Type             ; Clock  ; Clock Edge ; Target                        ;
+--------+--------------+----------------+------------------+--------+------------+-------------------------------+
; 10.000 ; 10.000       ; 0.000          ; High Pulse Width ; inclk0 ; Rise       ; altpll_component|pll|clk[0]   ;
; 10.000 ; 10.000       ; 0.000          ; Low Pulse Width  ; inclk0 ; Rise       ; altpll_component|pll|clk[0]   ;
; 10.000 ; 10.000       ; 0.000          ; High Pulse Width ; inclk0 ; Rise       ; altpll_component|pll|inclk[0] ;
; 10.000 ; 10.000       ; 0.000          ; Low Pulse Width  ; inclk0 ; Rise       ; altpll_component|pll|inclk[0] ;
; 10.000 ; 10.000       ; 0.000          ; High Pulse Width ; inclk0 ; Rise       ; inclk0|combout                ;
; 10.000 ; 10.000       ; 0.000          ; Low Pulse Width  ; inclk0 ; Rise       ; inclk0|combout                ;
; 17.620 ; 20.000       ; 2.380          ; Port Rate        ; inclk0 ; Rise       ; inclk0                        ;
+--------+--------------+----------------+------------------+--------+------------+-------------------------------+


+-------------------------------------------------------------------------------------+
; Clock to Output Times                                                               ;
+-----------+------------+-------+-------+------------+-------------------------------+
; Data Port ; Clock Port ; Rise  ; Fall  ; Clock Edge ; Clock Reference               ;
+-----------+------------+-------+-------+------------+-------------------------------+
; c0        ; inclk0     ; 0.154 ;       ; Rise       ; altpll:altpll_component|_clk0 ;
; c0        ; inclk0     ;       ; 0.154 ; Fall       ; altpll:altpll_component|_clk0 ;
+-----------+------------+-------+-------+------------+-------------------------------+


+-------------------------------------------------------------------------------------+
; Minimum Clock to Output Times                                                       ;
+-----------+------------+-------+-------+------------+-------------------------------+
; Data Port ; Clock Port ; Rise  ; Fall  ; Clock Edge ; Clock Reference               ;
+-----------+------------+-------+-------+------------+-------------------------------+
; c0        ; inclk0     ; 0.154 ;       ; Rise       ; altpll:altpll_component|_clk0 ;
; c0        ; inclk0     ;       ; 0.154 ; Fall       ; altpll:altpll_component|_clk0 ;
+-----------+------------+-------+-------+------------+-------------------------------+


+----------------------------------------------------------------------------+
; Multicorner Timing Analysis Summary                                        ;
+------------------+-------+------+----------+---------+---------------------+
; Clock            ; Setup ; Hold ; Recovery ; Removal ; Minimum Pulse Width ;
+------------------+-------+------+----------+---------+---------------------+
; Worst-case Slack ; N/A   ; N/A  ; N/A      ; N/A     ; 10.000              ;
;  inclk0          ; N/A   ; N/A  ; N/A      ; N/A     ; 10.000              ;
; Design-wide TNS  ; 0.0   ; 0.0  ; 0.0      ; 0.0     ; 0.0                 ;
;  inclk0          ; N/A   ; N/A  ; N/A      ; N/A     ; 0.000               ;
+------------------+-------+------+----------+---------+---------------------+


+-------------------------------------------------------------------------------------+
; Clock to Output Times                                                               ;
+-----------+------------+-------+-------+------------+-------------------------------+
; Data Port ; Clock Port ; Rise  ; Fall  ; Clock Edge ; Clock Reference               ;
+-----------+------------+-------+-------+------------+-------------------------------+
; c0        ; inclk0     ; 0.868 ;       ; Rise       ; altpll:altpll_component|_clk0 ;
; c0        ; inclk0     ;       ; 0.868 ; Fall       ; altpll:altpll_component|_clk0 ;
+-----------+------------+-------+-------+------------+-------------------------------+


+-------------------------------------------------------------------------------------+
; Minimum Clock to Output Times                                                       ;
+-----------+------------+-------+-------+------------+-------------------------------+
; Data Port ; Clock Port ; Rise  ; Fall  ; Clock Edge ; Clock Reference               ;
+-----------+------------+-------+-------+------------+-------------------------------+
; c0        ; inclk0     ; 0.154 ;       ; Rise       ; altpll:altpll_component|_clk0 ;
; c0        ; inclk0     ;       ; 0.154 ; Fall       ; altpll:altpll_component|_clk0 ;
+-----------+------------+-------+-------+------------+-------------------------------+


-------------------
; Clock Transfers ;
-------------------
Nothing to report.


---------------
; Report TCCS ;
---------------
No dedicated SERDES Transmitter circuitry present in device or used in design


---------------
; Report RSKM ;
---------------
No dedicated SERDES Receiver circuitry present in device or used in design


+------------------------------------------------+
; Unconstrained Paths                            ;
+---------------------------------+-------+------+
; Property                        ; Setup ; Hold ;
+---------------------------------+-------+------+
; Illegal Clocks                  ; 0     ; 0    ;
; Unconstrained Clocks            ; 0     ; 0    ;
; Unconstrained Input Ports       ; 0     ; 0    ;
; Unconstrained Input Port Paths  ; 0     ; 0    ;
; Unconstrained Output Ports      ; 1     ; 1    ;
; Unconstrained Output Port Paths ; 1     ; 1    ;
+---------------------------------+-------+------+


+------------------------------------+
; TimeQuest Timing Analyzer Messages ;
+------------------------------------+
Info: *******************************************************************
Info: Running Quartus II TimeQuest Timing Analyzer
    Info: Version 11.0 Build 157 04/27/2011 SJ Full Version
    Info: Processing started: Thu May 03 00:43:20 2012
Info: Command: quartus_sta pll -c pll
Info: qsta_default_script.tcl version: #1
Info: Parallel compilation is enabled and will use 4 of the 4 processors detected
Info: Low junction temperature is 0 degrees C
Info: High junction temperature is 85 degrees C
Info: Reading SDC File: 'pll.sdc'
Info: Deriving PLL Clocks
    Info: create_generated_clock -source {altpll_component|pll|inclk[0]} -multiply_by 4 -duty_cycle 50.00 -name {altpll:altpll_component|_clk0} {altpll_component|pll|clk[0]}
Info: Analyzing Slow Model
Info: No fmax paths to report
Info: No Setup paths to report
Info: No Hold paths to report
Info: No Recovery paths to report
Info: No Removal paths to report
Info: Worst-case minimum pulse width slack is 10.000
    Info:     Slack End Point TNS Clock 
    Info: ========= ============= =====================
    Info:    10.000         0.000 inclk0 
Info: The selected device family is not supported by the report_metastability command.
Info: Analyzing Fast Model
Info: Started post-fitting delay annotation
Warning: Found 2 output pins without output pin load capacitance assignment
    Info: Pin "c0" has no specified output pin load capacitance -- assuming default load capacitance of 0 pF for timing analysis
    Info: Pin "locked" has no specified output pin load capacitance -- assuming default load capacitance of 0 pF for timing analysis
Info: Delay annotation completed successfully
Info: No Setup paths to report
Info: No Hold paths to report
Info: No Recovery paths to report
Info: No Removal paths to report
Info: Worst-case minimum pulse width slack is 10.000
    Info:     Slack End Point TNS Clock 
    Info: ========= ============= =====================
    Info:    10.000         0.000 inclk0 
Info: The selected device family is not supported by the report_metastability command.
Info: Design is not fully constrained for setup requirements
Info: Design is not fully constrained for hold requirements
Info: Quartus II TimeQuest Timing Analyzer was successful. 0 errors, 1 warning
    Info: Peak virtual memory: 298 megabytes
    Info: Processing ended: Thu May 03 00:43:22 2012
    Info: Elapsed time: 00:00:02
    Info: Total CPU time (on all processors): 00:00:01


